[    0.000000] Initializing cgroup subsys cpuset
[    0.000000] Initializing cgroup subsys cpu
[    0.000000] Initializing cgroup subsys cpuacct
[    0.000000] Linux version 4.4.0-186-generic (buildd@lcy01-amd64-002) (gcc version 5.4.0 20160609 (Ubuntu 5.4.0-6ubuntu1~16.04.12) ) #216-Ubuntu SMP Wed Jul 1 05:34:05 UTC 2020 (Ubuntu 4.4.0-186.216-generic 4.4.228)
[    0.000000] Command line: BOOT_IMAGE=/boot/vmlinuz-4.4.0-186-generic root=LABEL=cloudimg-rootfs ro console=tty1 console=ttyS0
[    0.000000] KERNEL supported cpus:
[    0.000000]   Intel GenuineIntel
[    0.000000]   AMD AuthenticAMD
[    0.000000]   Centaur CentaurHauls
[    0.000000] x86/fpu: Legacy x87 FPU detected.
[    0.000000] e820: BIOS-provided physical RAM map:
[    0.000000] BIOS-e820: [mem 0x0000000000000000-0x000000000009fbff] usable
[    0.000000] BIOS-e820: [mem 0x000000000009fc00-0x000000000009ffff] reserved
[    0.000000] BIOS-e820: [mem 0x00000000000f0000-0x00000000000fffff] reserved
[    0.000000] BIOS-e820: [mem 0x0000000000100000-0x000000003ffeffff] usable
[    0.000000] BIOS-e820: [mem 0x000000003fff0000-0x000000003fffffff] ACPI data
[    0.000000] BIOS-e820: [mem 0x00000000fec00000-0x00000000fec00fff] reserved
[    0.000000] BIOS-e820: [mem 0x00000000fee00000-0x00000000fee00fff] reserved
[    0.000000] BIOS-e820: [mem 0x00000000fffc0000-0x00000000ffffffff] reserved
[    0.000000] NX (Execute Disable) protection: active
[    0.000000] SMBIOS 2.5 present.
[    0.000000] Hypervisor detected: KVM
[    0.000000] e820: last_pfn = 0x3fff0 max_arch_pfn = 0x400000000
[    0.000000] MTRR: Disabled
[    0.000000] x86/PAT: MTRRs disabled, skipping PAT initialization too.
[    0.000000] CPU MTRRs all blank - virtualized system.
[    0.000000] x86/PAT: Configuration [0-7]: WB  WT  UC- UC  WB  WT  UC- UC  
[    0.000000] found SMP MP-table at [mem 0x0009fff0-0x0009ffff] mapped at [ffff88000009fff0]
[    0.000000] Scanning 1 areas for low memory corruption
[    0.000000] RAMDISK: [mem 0x362e0000-0x37167fff]
[    0.000000] ACPI: Early table checksum verification disabled
[    0.000000] ACPI: RSDP 0x00000000000E0000 000024 (v02 VBOX  )
[    0.000000] ACPI: XSDT 0x000000003FFF0030 00003C (v01 VBOX   VBOXXSDT 00000001 ASL  00000061)
[    0.000000] ACPI: FACP 0x000000003FFF00F0 0000F4 (v04 VBOX   VBOXFACP 00000001 ASL  00000061)
[    0.000000] ACPI: DSDT 0x000000003FFF0470 002325 (v02 VBOX   VBOXBIOS 00000002 INTL 20100528)
[    0.000000] ACPI: FACS 0x000000003FFF0200 000040
[    0.000000] ACPI: FACS 0x000000003FFF0200 000040
[    0.000000] ACPI: APIC 0x000000003FFF0240 00005C (v02 VBOX   VBOXAPIC 00000001 ASL  00000061)
[    0.000000] ACPI: SSDT 0x000000003FFF02A0 0001CC (v01 VBOX   VBOXCPUT 00000002 INTL 20100528)
[    0.000000] No NUMA configuration found
[    0.000000] Faking a node at [mem 0x0000000000000000-0x000000003ffeffff]
[    0.000000] NODE_DATA(0) allocated [mem 0x3ffeb000-0x3ffeffff]
[    0.000000] kvm-clock: Using msrs 4b564d01 and 4b564d00
[    0.000000] kvm-clock: cpu 0, msr 0:3ffe3001, primary cpu clock
[    0.000000] kvm-clock: using sched offset of 4871735426 cycles
[    0.000000] clocksource: kvm-clock: mask: 0xffffffffffffffff max_cycles: 0x1cd42e4dffb, max_idle_ns: 881590591483 ns
[    0.000000] Zone ranges:
[    0.000000]   DMA      [mem 0x0000000000001000-0x0000000000ffffff]
[    0.000000]   DMA32    [mem 0x0000000001000000-0x000000003ffeffff]
[    0.000000]   Normal   empty
[    0.000000]   Device   empty
[    0.000000] Movable zone start for each node
[    0.000000] Early memory node ranges
[    0.000000]   node   0: [mem 0x0000000000001000-0x000000000009efff]
[    0.000000]   node   0: [mem 0x0000000000100000-0x000000003ffeffff]
[    0.000000] Initmem setup node 0 [mem 0x0000000000001000-0x000000003ffeffff]
[    0.000000] ACPI: PM-Timer IO Port: 0x4008
[    0.000000] IOAPIC[0]: apic_id 2, version 32, address 0xfec00000, GSI 0-23
[    0.000000] ACPI: INT_SRC_OVR (bus 0 bus_irq 0 global_irq 2 dfl dfl)
[    0.000000] ACPI: INT_SRC_OVR (bus 0 bus_irq 9 global_irq 9 low level)
[    0.000000] Using ACPI (MADT) for SMP configuration information
[    0.000000] smpboot: Allowing 2 CPUs, 0 hotplug CPUs
[    0.000000] PM: Registered nosave memory: [mem 0x00000000-0x00000fff]
[    0.000000] PM: Registered nosave memory: [mem 0x0009f000-0x0009ffff]
[    0.000000] PM: Registered nosave memory: [mem 0x000a0000-0x000effff]
[    0.000000] PM: Registered nosave memory: [mem 0x000f0000-0x000fffff]
[    0.000000] e820: [mem 0x40000000-0xfebfffff] available for PCI devices
[    0.000000] Booting paravirtualized kernel on KVM
[    0.000000] clocksource: refined-jiffies: mask: 0xffffffff max_cycles: 0xffffffff, max_idle_ns: 7645519600211568 ns
[    0.000000] setup_percpu: NR_CPUS:512 nr_cpumask_bits:512 nr_cpu_ids:2 nr_node_ids:1
[    0.000000] PERCPU: Embedded 33 pages/cpu @ffff88003fc00000 s95512 r8192 d31464 u1048576
[    0.000000] Built 1 zonelists in Node order, mobility grouping on.  Total pages: 257912
[    0.000000] Policy zone: DMA32
[    0.000000] Kernel command line: BOOT_IMAGE=/boot/vmlinuz-4.4.0-186-generic root=LABEL=cloudimg-rootfs ro console=tty1 console=ttyS0
[    0.000000] PID hash table entries: 4096 (order: 3, 32768 bytes)
[    0.000000] Memory: 997664K/1048120K available (8636K kernel code, 1337K rwdata, 4040K rodata, 1492K init, 1296K bss, 50456K reserved, 0K cma-reserved)
[    0.000000] SLUB: HWalign=64, Order=0-3, MinObjects=0, CPUs=2, Nodes=1
[    0.000000] Kernel/User page tables isolation: enabled
[    0.000000] Hierarchical RCU implementation.
[    0.000000] 	Build-time adjustment of leaf fanout to 64.
[    0.000000] 	RCU restricting CPUs from NR_CPUS=512 to nr_cpu_ids=2.
[    0.000000] RCU: Adjusting geometry for rcu_fanout_leaf=64, nr_cpu_ids=2
[    0.000000] NR_IRQS:33024 nr_irqs:440 16
[    0.000000] Console: colour VGA+ 80x25
[    0.000000] console [tty1] enabled
[    0.000000] console [ttyS0] enabled
[    0.000000] tsc: Detected 2304.006 MHz processor
[    0.523662] Calibrating delay loop (skipped) preset value.. 4608.01 BogoMIPS (lpj=9216024)
[    0.529600] pid_max: default: 32768 minimum: 301
[    0.533354] ACPI: Core revision 20150930
[    0.537191] ACPI: 2 ACPI AML tables successfully acquired and loaded
[    0.542885] Security Framework initialized
[    0.546200] Yama: becoming mindful.
[    0.548825] AppArmor: AppArmor initialized
[    0.552126] Dentry cache hash table entries: 131072 (order: 8, 1048576 bytes)
[    0.560902] Inode-cache hash table entries: 65536 (order: 7, 524288 bytes)
[    0.567708] Mount-cache hash table entries: 2048 (order: 2, 16384 bytes)
[    0.573328] Mountpoint-cache hash table entries: 2048 (order: 2, 16384 bytes)
[    0.583022] Initializing cgroup subsys io
[    0.587101] Initializing cgroup subsys memory
[    0.590398] Initializing cgroup subsys devices
[    0.593729] Initializing cgroup subsys freezer
[    0.597038] Initializing cgroup subsys net_cls
[    0.601390] Initializing cgroup subsys perf_event
[    0.604839] Initializing cgroup subsys net_prio
[    0.609354] Initializing cgroup subsys hugetlb
[    0.613905] Initializing cgroup subsys pids
[    0.617481] mce: CPU supports 0 MCE banks
[    0.620715] Last level iTLB entries: 4KB 64, 2MB 8, 4MB 8
[    0.625941] Last level dTLB entries: 4KB 64, 2MB 0, 4MB 0, 1GB 4
[    0.630688] Spectre V1 : Mitigation: usercopy/swapgs barriers and __user pointer sanitization
[    0.638360] Spectre V2 : Mitigation: Full generic retpoline
[    0.644495] Spectre V2 : Spectre v2 / SpectreRSB mitigation: Filling RSB on context switch
[    0.652154] Speculative Store Bypass: Vulnerable
[    0.656187] MDS: Mitigation: Clear CPU buffers
[    0.680496] Freeing SMP alternatives memory: 36K
[    0.727806] ftrace: allocating 32334 entries in 127 pages
[    1.285376] smpboot: APIC(0) Converting physical 0 to logical package 0
[    1.291079] smpboot: Max logical packages: 1
[    1.309426] ..TIMER: vector=0x30 apic1=0 pin1=2 apic2=-1 pin2=-1
[    1.423497] smpboot: CPU0: Intel(R) Core(TM) i5-8300H CPU @ 2.30GHz (family: 0x6, model: 0x9e, stepping: 0xa)
[    1.434565] Performance Events: unsupported p6 CPU model 158 no PMU driver, software events only.
[    1.493383] KVM setup paravirtual spinlock
[    1.499360] x86: Booting SMP configuration:
[    1.503643] .... node  #0, CPUs:      #1
[    1.508050] kvm-clock: cpu 1, msr 0:3ffe3041, secondary cpu clock
[    1.512950] mce: CPU supports 0 MCE banks
[    1.517056] TSC synchronization [CPU#0 -> CPU#1]:
[    1.520536] Measured 62883 cycles TSC warp between CPUs, turning off TSC clock.
[    1.525759] tsc: Marking TSC unstable due to check_tsc_sync_source failed
[    0.401735] x86: Booted up 1 node, 2 CPUs
[    0.404003] smpboot: Total of 2 processors activated (9216.02 BogoMIPS)
[    0.413971] devtmpfs: initialized
[    0.420685] evm: security.selinux
[    0.424007] evm: security.SMACK64
[    0.426677] evm: security.SMACK64EXEC
[    0.428002] evm: security.SMACK64TRANSMUTE
[    0.432002] evm: security.SMACK64MMAP
[    0.436002] evm: security.ima
[    0.440003] evm: security.capability
[    0.444233] clocksource: jiffies: mask: 0xffffffff max_cycles: 0xffffffff, max_idle_ns: 7645041785100000 ns
[    0.448028] futex hash table entries: 512 (order: 3, 32768 bytes)
[    0.452711] pinctrl core: initialized pinctrl subsystem
[    0.456244] RTC time: 17:27:16, date: 07/30/20
[    0.464146] NET: Registered protocol family 16
[    0.476014] cpuidle: using governor ladder
[    0.488013] cpuidle: using governor menu
[    0.491365] PCCT header not found.
[    0.492188] ACPI: bus type PCI registered
[    0.496005] acpiphp: ACPI Hot Plug PCI Controller Driver version: 0.5
[    0.500437] PCI: Using configuration type 1 for base access
[    0.528653] ACPI: Added _OSI(Module Device)
[    0.532003] ACPI: Added _OSI(Processor Device)
[    0.536008] ACPI: Added _OSI(3.0 _SCP Extensions)
[    0.540010] ACPI: Added _OSI(Processor Aggregator Device)
[    0.544998] ACPI: Executed 1 blocks of module-level executable AML code
[    0.556695] ACPI: Interpreter enabled
[    0.560010] ACPI: (supports S0 S5)
[    0.562976] ACPI: Using IOAPIC for interrupt routing
[    0.564267] PCI: Using host bridge windows from ACPI; if necessary, use "pci=nocrs" and report a bug
[    0.577162] ACPI: PCI Root Bridge [PCI0] (domain 0000 [bus 00-ff])
[    0.580009] acpi PNP0A03:00: _OSC: OS supports [ASPM ClockPM Segments MSI]
[    0.584511] acpi PNP0A03:00: _OSC: not requesting OS control; OS requires [ExtendedConfig ASPM ClockPM MSI]
[    0.588018] acpi PNP0A03:00: fail to add MMCONFIG information, can't access extended PCI configuration space under this bridge.
[    0.592486] PCI host bridge to bus 0000:00
[    0.596005] pci_bus 0000:00: root bus resource [io  0x0000-0x0cf7 window]
[    0.600003] pci_bus 0000:00: root bus resource [io  0x0d00-0xffff window]
[    0.604004] pci_bus 0000:00: root bus resource [mem 0x000a0000-0x000bffff window]
[    0.608004] pci_bus 0000:00: root bus resource [mem 0x40000000-0xfdffffff window]
[    0.612010] pci_bus 0000:00: root bus resource [bus 00-ff]
[    0.620491] pci 0000:00:01.1: legacy IDE quirk: reg 0x10: [io  0x01f0-0x01f7]
[    0.624003] pci 0000:00:01.1: legacy IDE quirk: reg 0x14: [io  0x03f6]
[    0.628003] pci 0000:00:01.1: legacy IDE quirk: reg 0x18: [io  0x0170-0x0177]
[    0.632005] pci 0000:00:01.1: legacy IDE quirk: reg 0x1c: [io  0x0376]
[    0.693802] pci 0000:00:07.0: quirk: [io  0x4000-0x403f] claimed by PIIX4 ACPI
[    0.716029] pci 0000:00:07.0: quirk: [io  0x4100-0x410f] claimed by PIIX4 SMB
[    0.741383] ACPI: PCI Interrupt Link [LNKA] (IRQs 5 9 10 *11)
[    0.784355] ACPI: PCI Interrupt Link [LNKB] (IRQs 5 9 *10 11)
[    0.797629] ACPI: PCI Interrupt Link [LNKC] (IRQs 5 *9 10 11)
[    0.813173] ACPI: PCI Interrupt Link [LNKD] (IRQs 5 9 10 *11)
[    0.828192] ACPI: Enabled 2 GPEs in block 00 to 07
[    0.836323] vgaarb: setting as boot device: PCI:0000:00:02.0
[    0.840000] vgaarb: device added: PCI:0000:00:02.0,decodes=io+mem,owns=io+mem,locks=none
[    0.860004] vgaarb: loaded
[    0.864006] vgaarb: bridge control possible 0000:00:02.0
[    0.872561] SCSI subsystem initialized
[    0.884091] ACPI: bus type USB registered
[    0.888017] usbcore: registered new interface driver usbfs
[    0.896032] usbcore: registered new interface driver hub
[    0.904113] usbcore: registered new device driver usb
[    0.912307] PCI: Using ACPI for IRQ routing
[    0.920764] NetLabel: Initializing
[    0.928004] NetLabel:  domain hash size = 128
[    0.936002] NetLabel:  protocols = UNLABELED CIPSOv4
[    0.940020] NetLabel:  unlabeled traffic allowed by default
[    0.952103] amd_nb: Cannot enumerate AMD northbridges
[    0.956230] clocksource: Switched to clocksource kvm-clock
[    0.998546] AppArmor: AppArmor Filesystem Enabled
[    1.004352] pnp: PnP ACPI init
[    1.008382] pnp: PnP ACPI: found 3 devices
[    1.019661] clocksource: acpi_pm: mask: 0xffffff max_cycles: 0xffffff, max_idle_ns: 2085701024 ns
[    1.028000] NET: Registered protocol family 2
[    1.033209] TCP established hash table entries: 8192 (order: 4, 65536 bytes)
[    1.040540] TCP bind hash table entries: 8192 (order: 5, 131072 bytes)
[    1.046088] TCP: Hash tables configured (established 8192 bind 8192)
[    1.051694] UDP hash table entries: 512 (order: 2, 16384 bytes)
[    1.056577] UDP-Lite hash table entries: 512 (order: 2, 16384 bytes)
[    1.062907] NET: Registered protocol family 1
[    1.067173] pci 0000:00:00.0: Limiting direct PCI/PCI transfers
[    1.072753] pci 0000:00:01.0: Activating ISA DMA hang workarounds
[    1.077301] Unpacking initramfs...
[    1.080916] Freeing initrd memory: 14880K
[    1.080916] clocksource: tsc: mask: 0xffffffffffffffff max_cycles: 0x2135fd711f6, max_idle_ns: 440795262176 ns
[    1.080916] platform rtc_cmos: registered platform RTC device (no PNP device found)
[    1.080916] Scanning for low memory corruption every 60 seconds
[    1.476626] audit: initializing netlink subsys (disabled)
[    1.481415] audit: type=2000 audit(1596130042.854:1): initialized
[    1.485761] Initialise system trusted keyring
[    1.490466] HugeTLB registered 2 MB page size, pre-allocated 0 pages
[    1.497355] zbud: loaded
[    1.500886] VFS: Disk quotas dquot_6.6.0
[    1.504842] VFS: Dquot-cache hash table entries: 512 (order 0, 4096 bytes)
[    1.510809] squashfs: version 4.0 (2009/01/31) Phillip Lougher
[    1.517047] fuse init (API version 7.23)
[    1.521432] Key type big_key registered
[    1.524140] Allocating IMA MOK and blacklist keyrings.
[    1.543172] Key type asymmetric registered
[    1.547094] Asymmetric key parser 'x509' registered
[    1.550759] Block layer SCSI generic (bsg) driver version 0.4 loaded (major 249)
[    1.557272] io scheduler noop registered
[    1.561011] io scheduler deadline registered (default)
[    1.564591] io scheduler cfq registered
[    1.567324] pci_hotplug: PCI Hot Plug PCI Core version: 0.5
[    1.572241] pciehp: PCI Express Hot Plug Controller Driver version: 0.4
[    1.577049] ACPI: AC Adapter [AC] (on-line)
[    1.581519] input: Power Button as /devices/LNXSYSTM:00/LNXPWRBN:00/input/input0
[    1.586828] ACPI: Power Button [PWRF]
[    1.590502] input: Sleep Button as /devices/LNXSYSTM:00/LNXSLPBN:00/input/input1
[    1.595556] ACPI: Sleep Button [SLPF]
[    1.599661] GHES: HEST is not enabled!
[    1.600884] ACPI: Battery Slot [BAT0] (battery present)
[    1.609404] Serial: 8250/16550 driver, 32 ports, IRQ sharing enabled
[    1.637839] 00:02: ttyS0 at I/O 0x3f8 (irq = 4, base_baud = 115200) is a 16550A
[    1.660187] Linux agpgart interface v0.103
[    1.676457] loop: module loaded
[    1.681728] scsi host0: ata_piix
[    1.684935] scsi host1: ata_piix
[    1.687501] ata1: PATA max UDMA/33 cmd 0x1f0 ctl 0x3f6 bmdma 0xd000 irq 14
[    1.688895] ata2: PATA max UDMA/33 cmd 0x170 ctl 0x376 bmdma 0xd008 irq 15
[    1.696937] libphy: Fixed MDIO Bus: probed
[    1.701991] tun: Universal TUN/TAP device driver, 1.6
[    1.705785] tun: (C) 1999-2004 Max Krasnyansky <maxk@qualcomm.com>
[    1.712313] PPP generic driver version 2.4.2
[    1.716686] ehci_hcd: USB 2.0 'Enhanced' Host Controller (EHCI) Driver
[    1.722098] ehci-pci: EHCI PCI platform driver
[    1.725480] ehci-platform: EHCI generic platform driver
[    1.729770] ohci_hcd: USB 1.1 'Open' Host Controller (OHCI) Driver
[    1.734621] ohci-pci: OHCI PCI platform driver
[    1.739455] ohci-platform: OHCI generic platform driver
[    1.744359] uhci_hcd: USB Universal Host Controller Interface driver
[    1.749055] i8042: PNP: PS/2 Controller [PNP0303:PS2K,PNP0f03:PS2M] at 0x60,0x64 irq 1,12
[    1.758110] serio: i8042 KBD port at 0x60,0x64 irq 1
[    1.762510] serio: i8042 AUX port at 0x60,0x64 irq 12
[    1.767120] mousedev: PS/2 mouse device common for all mice
[    1.776865] rtc_cmos rtc_cmos: rtc core: registered rtc_cmos as rtc0
[    1.784304] rtc_cmos rtc_cmos: alarms up to one day, 114 bytes nvram
[    1.784372] input: AT Translated Set 2 keyboard as /devices/platform/i8042/serio0/input/input2
[    1.798518] i2c /dev entries driver
[    1.802444] device-mapper: uevent: version 1.0.3
[    1.807063] device-mapper: ioctl: 4.34.0-ioctl (2015-10-28) initialised: dm-devel@redhat.com
[    1.814526] ledtrig-cpu: registered to indicate activity on CPUs
[    1.823228] NET: Registered protocol family 10
[    1.828280] NET: Registered protocol family 17
[    1.831321] Key type dns_resolver registered
[    1.838577] registered taskstats version 1
[    1.842594] Loading compiled-in X.509 certificates
[    1.846587] Loaded X.509 cert 'Build time autogenerated kernel key: cef5e81496c0efa51b848ab539e845ddf31c08be'
[    1.881117] zswap: loaded using pool lzo/zbud
[    1.912339] Key type trusted registered
[    1.925987] Key type encrypted registered
[    1.929598] AppArmor: AppArmor sha1 policy hashing enabled
[    1.933368] ima: No TPM chip found, activating TPM-bypass!
[    1.937871] ima: Allocated hash algorithm: sha1
[    1.941634] evm: HMAC attrs: 0x1
[    1.945301]   Magic number: 12:989:492
[    1.948459] rtc_cmos rtc_cmos: setting system clock to 2020-07-30 17:27:18 UTC (1596130038)
[    1.955457] BIOS EDD facility v0.16 2004-Jun-25, 0 devices found
[    1.960609] EDD information not available.
[    1.965890] Freeing unused kernel memory: 1492K
[    1.970356] Write protecting the kernel read-only data: 14336k
[    1.975648] Freeing unused kernel memory: 1592K
[    1.981352] Freeing unused kernel memory: 56K
Loading, please wait...
starting version 229
[    2.013379] random: systemd-udevd: uninitialized urandom read (16 bytes read, 5 bits of entropy available)
[    2.013956] random: udevadm: uninitialized urandom read (16 bytes read, 5 bits of entropy available)
[    2.013970] random: udevadm: uninitialized urandom read (16 bytes read, 5 bits of entropy available)
[    2.024555] random: udevadm: uninitialized urandom read (16 bytes read, 5 bits of entropy available)
[    2.024587] random: udevadm: uninitialized urandom read (16 bytes read, 5 bits of entropy available)
[    2.024734] random: udevadm: uninitialized urandom read (16 bytes read, 5 bits of entropy available)
[    2.024775] random: udevadm: uninitialized urandom read (16 bytes read, 5 bits of entropy available)
[    2.024842] random: udevadm: uninitialized urandom read (16 bytes read, 5 bits of entropy available)
[    2.024927] random: udevadm: uninitialized urandom read (16 bytes read, 5 bits of entropy available)
[    2.024966] random: udevadm: uninitialized urandom read (16 bytes read, 5 bits of entropy available)
[    2.135875] Fusion MPT base driver 3.04.20
[    2.139620] Copyright (c) 1999-2008 LSI Corporation
[    2.151487] e1000: Intel(R) PRO/1000 Network Driver - version 7.3.21-k8-NAPI
[    2.158182] e1000: Copyright (c) 1999-2006 Intel Corporation.
[    2.194234] Fusion MPT SPI Host driver 3.04.20
[    2.797580] e1000 0000:00:03.0 eth0: (PCI:33MHz:32-bit) 02:e5:f9:b1:f5:c2
[    2.804162] e1000 0000:00:03.0 eth0: Intel(R) PRO/1000 Network Connection
[    2.811239] mptbase: ioc0: Initiating bringup
[    2.831549] input: ImExPS/2 Generic Explorer Mouse as /devices/platform/i8042/serio1/input/input4
[    2.878230] ioc0: LSI53C1030 A0: Capabilities={Initiator}
[    3.800927] scsi host2: ioc0: LSI53C1030 A0, FwRev=00000000h, Ports=1, MaxQ=256, IRQ=20
[    3.921737] scsi 2:0:0:0: Direct-Access     VBOX     HARDDISK         1.0  PQ: 0 ANSI: 5
[    3.928244] scsi target2:0:0: Beginning Domain Validation
[    3.940205] scsi target2:0:0: Domain Validation skipping write tests
[    3.945476] scsi target2:0:0: Ending Domain Validation
[    3.950310] scsi target2:0:0: asynchronous
[    3.960964] scsi 2:0:1:0: Direct-Access     VBOX     HARDDISK         1.0  PQ: 0 ANSI: 5
[    3.967838] scsi target2:0:1: Beginning Domain Validation
[    3.981372] scsi target2:0:1: Domain Validation skipping write tests
[    3.988133] scsi target2:0:1: Ending Domain Validation
[    3.992816] scsi target2:0:1: asynchronous
[    4.013135] sd 2:0:0:0: Attached scsi generic sg0 type 0
[    4.019271] sd 2:0:0:0: [sda] 20971520 512-byte logical blocks: (10.7 GB/10.0 GiB)
[    4.026924] sd 2:0:1:0: [sdb] 20480 512-byte logical blocks: (10.5 MB/10.0 MiB)
[    4.034129] sd 2:0:1:0: Attached scsi generic sg1 type 0
[    4.040463] sd 2:0:0:0: [sda] Write Protect is off
[    4.050233] sd 2:0:1:0: [sdb] Write Protect is off
[    4.055738] sd 2:0:1:0: [sdb] Incomplete mode parameter data
[    4.061741] sd 2:0:1:0: [sdb] Assuming drive cache: write through
[    4.066390] sd 2:0:0:0: [sda] Incomplete mode parameter data
[    4.071764] sd 2:0:0:0: [sda] Assuming drive cache: write through
[    4.081346]  sda: sda1
[    4.088315] sd 2:0:0:0: [sda] Attached SCSI disk
[    4.108030] sd 2:0:1:0: [sdb] Attached SCSI disk
[    4.799489] e1000 0000:00:08.0 eth1: (PCI:33MHz:32-bit) 08:00:27:02:60:00
[    4.807320] e1000 0000:00:08.0 eth1: Intel(R) PRO/1000 Network Connection
[    4.814535] e1000 0000:00:03.0 enp0s3: renamed from eth0
[    4.837153] e1000 0000:00:08.0 enp0s8: renamed from eth1
Begin: Loading essential drivers ... [    6.425341] md: linear personality registered for level -1
[    6.436287] md: multipath personality registered for level -4
[    6.445890] md: raid0 personality registered for level 0
[    6.462987] md: raid1 personality registered for level 1
[    6.981446] raid6: sse2x1   gen() 88752 MB/s
[    7.980733] raid6: sse2x1   xor() 139969 MB/s
[    8.984590] raid6: sse2x2   gen() 225850 MB/s
[   10.983442] raid6: sse2x2   xor() 161762 MB/s
[   12.050770] raid6: sse2x4   gen() 17087 MB/s
[   12.126428] raid6: sse2x4   xor() 11244 MB/s
[   12.131323] raid6: using algorithm sse2x2 gen() 225850 MB/s
[   12.136989] raid6: .... xor() 161762 MB/s, rmw enabled
[   12.141047] raid6: using ssse3x2 recovery algorithm
[   12.146970] xor: measuring software checksum speed
[   12.188886]    prefetch64-sse: 24433.000 MB/sec
[   12.228696]    generic_sse: 19683.000 MB/sec
[   12.232281] xor: using function: prefetch64-sse (24433.000 MB/sec)
[   12.240489] async_tx: api initialized (async)
[   12.282548] md: raid6 personality registered for level 6
[   12.288591] md: raid5 personality registered for level 5
[   12.293378] md: raid4 personality registered for level 4
[   12.319940] md: raid10 personality registered for level 10
done.
Begin: Running /scripts/init-premount ... done.
Begin: Mounting root file system ... Begin: Running /scripts/local-top ... done.
Begin: Running /scripts/local-premount ... [   12.392903] Btrfs loaded
Scanning for Btrfs filesystems
done.
Warning: fsck not present, so skipping root file system
[   12.520271] EXT4-fs (sda1): mounted filesystem with ordered data mode. Opts: (null)
done.
Begin: Running /scripts/local-bottom ... done.
Begin: Running /scripts/init-bottom ... done.
[   13.217965] systemd[1]: systemd 229 running in system mode. (+PAM +AUDIT +SELINUX +IMA +APPARMOR +SMACK +SYSVINIT +UTMP +LIBCRYPTSETUP +GCRYPT +GNUTLS +ACL +XZ -LZ4 +SECCOMP +BLKID +ELFUTILS +KMOD -IDN)
[   13.232260] systemd[1]: Detected virtualization oracle.
[   13.236158] systemd[1]: Detected architecture x86-64.

Welcome to [1mUbuntu 16.04.6 LTS[0m!

[   13.267381] systemd[1]: Set hostname to <ubuntu>.
[   13.288722] systemd[1]: Initializing machine ID from random generator.
[   13.294822] systemd[1]: Installed transient /etc/machine-id file.
[   13.379195] random: nonblocking pool is initialized
[   13.926280] systemd[1]: Listening on LVM2 poll daemon socket.
[[0;32m  OK  [0m] Listening on LVM2 poll daemon socket.
[   13.933398] systemd[1]: Listening on udev Kernel Socket.
[[0;32m  OK  [0m] Listening on udev Kernel Socket.
[   13.940758] systemd[1]: Reached target Encrypted Volumes.
[[0;32m  OK  [0m] Reached target Encrypted Volumes.
[   13.952589] systemd[1]: Reached target System Time Synchronized.
[[0;32m  OK  [0m] Reached target System Time Synchronized.
[   13.960680] systemd[1]: Listening on Journal Audit Socket.
[[0;32m  OK  [0m] Listening on Journal Audit Socket.
[   13.967068] systemd[1]: Started Forward Password Requests to Wall Directory Watch.
[[0;32m  OK  [0m] Started Forward Password Requests to Wall Directory Watch.
[   13.978321] systemd[1]: Listening on Device-mapper event daemon FIFOs.
[[0;32m  OK  [0m] Listening on Device-mapper event daemon FIFOs.
[   13.988741] systemd[1]: Listening on LVM2 metadata daemon socket.
[[0;32m  OK  [0m] Listening on LVM2 metadata daemon socket.
[   13.996976] systemd[1]: Reached target Swap.
[[0;32m  OK  [0m] Reached target Swap.
[   14.003989] systemd[1]: Listening on Journal Socket (/dev/log).
[[0;32m  OK  [0m] Listening on Journal Socket (/dev/log).
[   14.013541] systemd[1]: Listening on udev Control Socket.
[[0;32m  OK  [0m] Listening on udev Control Socket.
[   14.021082] systemd[1]: Created slice System Slice.
[[0;32m  OK  [0m] Created slice System Slice.
[   14.028295] systemd[1]: Created slice system-serial\x2dgetty.slice.
[[0;32m  OK  [0m] Created slice system-serial\x2dgetty.slice.
[   14.037079] systemd[1]: Reached target User and Group Name Lookups.
[[0;32m  OK  [0m] Reached target User and Group Name Lookups.
[   14.045126] systemd[1]: Listening on Journal Socket.
[[0;32m  OK  [0m] Listening on Journal Socket.
[   14.068592] systemd[1]: Starting Nameserver information manager...
         Starting Nameserver information manager...
[   14.079124] systemd[1]: Starting Monitoring of LVM2 mirrors, snapshots etc. using dmeventd or progress polling...
         Starting Monitoring of LVM2 mirrors... dmeventd or progress polling...
[   14.097856] systemd[1]: Starting Uncomplicated firewall...
         Starting Uncomplicated firewall...
[   14.107928] systemd[1]: Mounting Debug File System...
         Mounting Debug File System...
[   14.115557] systemd[1]: Starting Remount Root and Kernel File Systems...
         Starting Remount Root and Kernel File Systems...
[   14.125748] systemd[1]: Starting Create list of required static device nodes for the current kernel...
         Starting Create list of required st... nodes for the current kernel...
[   14.144892] systemd[1]: Created slice User and Session Slice.
[[0;32m  OK  [0m] Created slice User and Session Slice.
[   14.154959] systemd[1]: Reached target Slices.
[[0;32m  OK  [0m] Reached target Slices.
[   14.176459] systemd[1]: Mounting Huge Pages File System...
[   14.182669] EXT4-fs (sda1): re-mounted. Opts: (null)
         Mounting Huge Pages File System...
[   14.190960] systemd[1]: Starting Set console keymap...
         Starting Set console keymap...
[   14.198221] systemd[1]: Started Trigger resolvconf update for networkd DNS.
[[0;32m  OK  [0m] Started Trigger resolvconf update for networkd DNS.
[   14.207682] systemd[1]: Set up automount Arbitrary Executable File Formats File System Automount Point.
[[0;32m  OK  [0m] Set up automount Arbitrary Executab...ats File System Automount Point.
[   14.231583] systemd[1]: Listening on Syslog Socket.
[[0;32m  OK  [0m] Listening on Syslog Socket.
[   14.252859] systemd[1]: Starting Journal Service...
         Starting Journal Service...
[   14.305076] systemd[1]: Starting Load Kernel Modules...
         Starting Load Kernel Modules...
[   14.314144] systemd[1]: Listening on /dev/initctl Compatibility Named Pipe.
[[0;32m  OK  [0m] Listening on /dev/initctl Compatibility Named Pipe.
[   14.325420] systemd[1]: Mounting POSIX Message Queue File System...
         Mounting POSIX Message Queue File System...
[   14.340277] systemd[1]: Mounted POSIX Message Queue File System.
[[0;32m  OK  [0m] Mounted POSIX Message Queue File System.
[   14.350817] systemd[1]: Mounted Debug File System.
[[0;32m  OK  [0m] Mounted Debug File System.
[   14.359287] systemd[1]: Mounted Huge Pages File System.
[[0;32m  OK  [0m] Mounted Huge Pages File System.
[   14.370866] systemd[1]: Started Uncomplicated firewall.
[[0;32m  OK  [0m] Started Uncomplicated firewall.
[   14.383899] systemd[1]: Started Remount Root and Kernel File Systems.
[[0;32m  OK  [0m] Started Remount Root and Kernel File Systems.
[   14.393935] systemd[1]: Started Create list of required static device nodes for the current kernel.
[[0;32m  OK  [0m] Started Create list of required sta...ce nodes for the current kernel.
[   14.406880] Loading iSCSI transport class v2.0-870.
[   14.410295] systemd[1]: Started Nameserver information manager.
[[0;32m  OK  [0m] Started Nameserver information manager.
[   14.424357] systemd[1]: Started LVM2 metadata daemon.
[[0;32m  OK  [0m] Started LVM2 metadata daemon.
[   14.433405] systemd[1]: Starting Create Static Device Nodes in /dev...
         Starting Create Static Device Nodes in /dev...
[   14.444307] systemd[1]: Starting Load/Save Random Seed...
         Starting Load/Save Random Seed...
[   14.489807] systemd[1]: Starting udev Coldplug all Devices...
         Starting udev Coldplug all Devices...
[   14.505212] systemd[1]: Started Journal Service.
[[0;32m  OK  [0m] Started Journal Service.
[[0;32m  OK  [0m] Started Set console keymap.
         Starting Flush Journal to Persistent Storage...
[   14.535401] iscsi: registered transport (tcp)
[[0;32m  OK  [0m] Started Load/Save Random Seed.
[[0;32m  OK  [0m] Started udev Coldplug all Devices.
[   14.628769] systemd-journald[381]: Received request to flush runtime journal from PID 1
[[0;32m  OK  [0m] Started Flush Journal to Persistent Storage.
[[0;32m  OK  [0m] Started Monitoring of LVM2 mirrors,...ng dmeventd or progress polling.
[   14.800930] iscsi: registered transport (iser)
[[0;32m  OK  [0m] Started Load Kernel Modules.
         Starting Apply Kernel Variables...
         Mounting FUSE Control File System...
[[0;32m  OK  [0m] Mounted FUSE Control File System.
[[0;32m  OK  [0m] Started Create Static Device Nodes in /dev.
[[0;32m  OK  [0m] Reached target Local File Systems (Pre).
[[0;32m  OK  [0m] Reached target Local File Systems.
         Starting LSB: AppArmor initialization...
         Starting Initial cloud-init job (pre-networking)...
         Starting Tell Plymouth To Write Out Runtime Data...
         Starting Commit a transient machine-id on disk...
         Starting Set console font and keymap...
         Starting Create Volatile Files and Directories...
         Starting udev Kernel Device Manager...
[[0;32m  OK  [0m] Started Apply Kernel Variables.
[[0;32m  OK  [0m] Started Commit a transient machine-id on disk.
[[0;32m  OK  [0m] Started Create Volatile Files and Directories.
         Starting Update UTMP about System Boot/Shutdown...
[[0;32m  OK  [0m] Started Tell Plymouth To Write Out Runtime Data.
[[0;32m  OK  [0m] Started Update UTMP about System Boot/Shutdown.
[[0;32m  OK  [0m] Started udev Kernel Device Manager.
[[0;32m  OK  [0m] Started Dispatch Password Requests to Console Directory Watch.
[[0;32m  OK  [0m] Found device /dev/ttyS0.
[[0;32m  OK  [0m] Started Set console font and keymap.
[[0;32m  OK  [0m] Created slice system-getty.slice.
[[0;32m  OK  [0m] Listening on Load/Save RF Kill Switch Status /dev/rfkill Watch.
[[0;32m  OK  [0m] Started LSB: AppArmor initialization.
         Starting Load AppArmor profiles managed internally by snapd...
[[0;32m  OK  [0m] Started Load AppArmor profiles managed internally by snapd.
[   18.991824] cloud-init[454]: Cloud-init v. 20.2-45-g5f7825e2-0ubuntu1~16.04.1 running 'init-local' at Thu, 30 Jul 2020 17:27:35 +0000. Up 18.51 seconds.
[[0;32m  OK  [0m] Started Initial cloud-init job (pre-networking).
[[0;32m  OK  [0m] Reached target Network (Pre).
         Starting Raise network interfaces...
[[0;32m  OK  [0m] Started Raise network interfaces.
[[0;32m  OK  [0m] Reached target Network.
         Starting Initial cloud-init job (metadata service crawler)...
[   21.544794] cloud-init[946]: Cloud-init v. 20.2-45-g5f7825e2-0ubuntu1~16.04.1 running 'init' at Thu, 30 Jul 2020 17:27:36 +0000. Up 19.73 seconds.
[   21.549843] cloud-init[946]: ci-info: ++++++++++++++++++++++++++++++++++++++Net device info+++++++++++++++++++++++++++++++++++++++
[   21.554894] cloud-init[946]: ci-info: +--------+-------+----------------------------+---------------+--------+-------------------+
[   21.560075] cloud-init[946]: ci-info: | Device |   Up  |          Address           |      Mask     | Scope  |     Hw-Address    |
[   21.565120] cloud-init[946]: ci-info: +--------+-------+----------------------------+---------------+--------+-------------------+
[   21.571024] cloud-init[946]: ci-info: | enp0s3 |  True |         10.0.2.15          | 255.255.255.0 | global | 02:e5:f9:b1:f5:c2 |
[   21.575737] cloud-init[946]: ci-info: | enp0s3 |  True | fe80::e5:f9ff:feb1:f5c2/64 |       .       |  link  | 02:e5:f9:b1:f5:c2 |
[   21.580815] cloud-init[946]: ci-info: | enp0s8 | False |             .              |       .       |   .    | 08:00:27:02:60:00 |
[   21.585504] cloud-init[946]: ci-info: |   lo   |  True |         127.0.0.1          |   255.0.0.0   |  host  |         .         |
[   21.590265] cloud-init[946]: ci-info: |   lo   |  True |          ::1/128           |       .       |  host  |         .         |
[   21.594976] cloud-init[946]: ci-info: +--------+-------+----------------------------+---------------+--------+-------------------+
[   21.599795] cloud-init[946]: ci-info: +++++++++++++++++++++++++++Route IPv4 info++++++++++++++++++++++++++++
[   21.604703] cloud-init[946]: ci-info: +-------+-------------+----------+---------------+-----------+-------+
[   21.608881] cloud-init[946]: ci-info: | Route | Destination | Gateway  |    Genmask    | Interface | Flags |
[   21.613004] cloud-init[946]: ci-info: +-------+-------------+----------+---------------+-----------+-------+
[   21.617273] cloud-init[946]: ci-info: |   0   |   0.0.0.0   | 10.0.2.2 |    0.0.0.0    |   enp0s3  |   UG  |
[   21.621459] cloud-init[946]: ci-info: |   1   |   10.0.2.0  | 0.0.0.0  | 255.255.255.0 |   enp0s3  |   U   |
[   21.625685] cloud-init[946]: ci-info: +-------+-------------+----------+---------------+-----------+-------+
[   21.630084] cloud-init[946]: ci-info: +++++++++++++++++++Route IPv6 info+++++++++++++++++++
[   21.634099] cloud-init[946]: ci-info: +-------+-------------+---------+-----------+-------+
[   21.638319] cloud-init[946]: ci-info: | Route | Destination | Gateway | Interface | Flags |
[[0;32m  OK  [0m] Started Initial cloud-init job (metadata service crawler).
[[0;32m  OK  [0m] Reached target Cloud-config availability.
[[0;32m  OK  [0m] Reached target Network is Online.
[   21.642259] cloud-init[946]: ci-info: +-------+-------------+---------+-----------+-------+
         Starting iSCSI initiator daemon (iscsid)...
[[0;32m  OK  [0m] Reached target System Initialization.
[[0;32m  OK  [0m] Listening on ACPID Listen Socket.
[[0;32m  OK  [0m] Started Daily apt download activities.
[[0;32m  OK  [0m] Started Daily Cleanup of Temporary Directories.
[   21.651284] cloud-init[946]: ci-info: |   0   |  fe80::/64  |    ::   |   enp0s3  |   U   |
[   21.663359] cloud-init[946]: ci-info: |   3   |   ff00::/8  |    ::   |   enp0s3  |   U   |
[   21.667325] cloud-init[946]: ci-info: +-------+-------------+---------+-----------+-------+
[   21.671383] cloud-init[946]: Generating public/private rsa key pair.
[   21.674601] cloud-init[946]: Your identification has been saved in /etc/ssh/ssh_host_rsa_key.
[[0;32m  OK  [0m] Started ACPI Events Check.
[[0;32m  OK  [0m] Reached target Paths.
         Starting Socket activation for snappy daemon.
[[0;32m  OK  [0m] Started Daily apt upgrade and clean activities.
[[0;32m  OK  [0m] Started Message of the Day.
[[0;32m  OK  [0m] Reached target Timers.
[   21.685232] cloud-init[946]: Your public key has been saved in /etc/ssh/ssh_host_rsa_key.pub.
         Starting LXD - unix socket.
[[0;32m  OK  [0m] Listening on D-Bus System Message Bus Socket.
[[0;32m  OK  [0m] Listening on UUID daemon activation socket.
[[0;32m  OK  [0m] Listening on Socket activation for snappy daemon.
[[0;32m  OK  [0m] Listening on LXD - unix socket.
[[0;32m  OK  [0m] Reached target Sockets.
[[0;32m  OK  [0m] Reached target Basic System.
         Starting Login Service...
         Starting System Logging Service...
[[0;32m  OK  [0m] Started FUSE filesystem for LXC.
         Starting Accounts Service...
[   21.711114] cloud-init[946]: The key fingerprint is:
[   21.719207] cloud-init[946]: SHA256:h8YHAQUASL3s4KqfHA8DtUvzXncc8tvyZCdav/4Lox8 root@ubuntu-xenial
[   21.727328] cloud-init[946]: The key's randomart image is:
[   21.733231] cloud-init[946]: +---[RSA 2048]----+
         Starting Pollinate to seed the pseudo random number generator...
[[0;32m  OK  [0m] Started Deferred execution scheduler.
         Starting Virtualbox guest utils...
[   21.741186] cloud-init[946]: |.oo...o+o        |
[[0;32m  OK  [0m] Started ACPI event daemon.
[   21.765646] [[0;32m  OK  [0m] Started Regular background program processing daemon.
         Starting LSB: MD monitoring daemon...
         Starting LSB: Record successful boot for GRUB...
         Starting /etc/rc.local Compatibility...
cloud-init[946]: |.  .     .       |
[   21.777980] cloud-init[946]: |  o .   .        |
[   21.790288]          Starting Snap Daemon...
         Starting LXD - container startup/shutdown...
[[0;32m  OK  [0m] Started D-Bus System Message Bus.
cloud-init[946]: | o +   . o       |
[   21.801051] cloud-init[946]: |o *     S +      |
[   21.808101] cloud-init[946]: | + =   . * .     |
[   21.813980] cloud-init[946]: |. = . . . + =E.  |
[   21.828533] cloud-init[946]: |.. B . . ..B.++  |
[   21.832946] cloud-init[946]: |o.+ o     o++o++o|
[   21.838710] cloud-init[946]: +----[SHA256]-----+
[   21.850309] cloud-init[946]: Generating public/private dsa key pair.
[   21.861342] cloud-init[946]: Your identification has been saved in /etc/ssh/ssh_host_dsa_key.
[   21.867996] cloud-init[946]: Your public key has been saved in /etc/ssh/ssh_host_dsa_key.pub.
[   21.874766] cloud-init[946]: The key fingerprint is:
[   21.879838] cloud-init[946]: SHA256:0XXahePk99GpRhYuTdUzmUKXRa4fj9DKFzS+RTGjofw root@ubuntu-xenial
[   21.886368] cloud-init[946]: The key's randomart image is:
[   21.891957] cloud-init[946]: +---[DSA 1024]----+
[   21.900093] cloud-init[946]: |            oooOX|
[   21.906707] cloud-init[946]: |         ....BBO=|
[   21.911392] cloud-init[946]: |        . .o==*.B|
[   21.916245] cloud-init[946]: |         . ..Oo*o|
[   21.922985] cloud-init[946]: |        S   =E*o+|
[   21.928473] cloud-init[946]: |           . = *+|
[   21.934307] cloud-init[946]: |            + + o|
[   21.940086] cloud-init[946]: |             .   |
[   21.945139] cloud-init[946]: |                 |
[   21.951135] cloud-init[946]: +----[SHA256]-----+
[   21.956325] cloud-init[946]: Generating public/private ecdsa key pair.
[   21.962372] cloud-init[946]: Your identification has been saved in /etc/ssh/ssh_host_ecdsa_key.
[   21.969781] cloud-init[946]: Your public key has been saved in /etc/ssh/ssh_host_ecdsa_key.pub.
[   21.976453] cloud-init[946]: The key fingerprint is:
[   21.982356] cloud-init[946]: SHA256:hu+JWfDzpFe2HrT+jQwdc8BOMmRQ7eDPYDEZo60+fuE root@ubuntu-xenial
[   21.989564] cloud-init[946]: The key's randomart image is:
[   21.995449] cloud-init[946]: +---[ECDSA 256]---+
[   22.001339] cloud-init[946]: |          .o*+   |
[   22.007171] cloud-init[946]: |           ==o.  |
[   22.012800] cloud-init[946]: |          ..+=+  |
[   22.018146] cloud-init[946]: |       .   .+=.. |
[   22.023131] cloud-init[946]: |      o S ...++ .|
[   22.028326] cloud-init[946]: |       = . .+oo+ |
[   22.033335] cloud-init[946]: |        = +++o.  |
[   22.039169] cloud-init[946]: |       = B.oE+ o |
[   22.049383] cloud-init[946]: |      o +.ooo.+ .|
[   22.054028] cloud-init[946]: +----[SHA256]-----+
[   22.064883] cloud-init[946]: Generating public/private ed25519 key pair.
[   22.070835] cloud-init[946]: Your identification has been saved in /etc/ssh/ssh_host_ed25519_key.
[   22.077151] cloud-init[946]: Your public key has been saved in /etc/ssh/ssh_host_ed25519_key.pub.
[   22.083556] cloud-init[946]: The key fingerprint is:
[   22.088910] cloud-init[946]: SHA256:bjQkZPNt4qcFKkpQXtrGPyyZhjLqNBGnb+zasrRUoVY root@ubuntu-xenial
[   22.095292] cloud-init[946]: The key's randomart image is:
[   22.100703] cloud-init[946]: +--[ED25519 256]--+
[   22.106310] cloud-init[946]: |  . . +          |
[   22.111725] cloud-init[946]: | o = o o .       |
[   22.117278] cloud-init[946]: |..oE+ . = o      |
[   22.123425] cloud-init[946]: | .*o.= = +       |
[   22.128972] cloud-init[946]: |o=o.* = S o      |
[   22.135913] cloud-init[946]: |o+=o o + =       |
[   22.143882] cloud-init[946]: |.=.+    +        |
[   22.149543] cloud-init[946]: |=.*    .         |
[   22.154865] cloud-init[946]: | =+o             |
[   22.160793] cloud-init[946]: +----[SHA256]-----+
[[0;32m  OK  [0m] Started System Logging Service.
[[0;32m  OK  [0m] Started /etc/rc.local Compatibility.
[[0;32m  OK  [0m] Started Login Service.
[[0;32m  OK  [0m] Started Unattended Upgrades Shutdown.
[[0;32m  OK  [0m] Started iSCSI initiator daemon (iscsid).
         Starting Login to default iSCSI targets...
         Starting Authenticate and Authorize Users to Run Privileged Tasks...
[[0;32m  OK  [0m] Started LSB: Record successful boot for GRUB.
[[0;32m  OK  [0m] Started LSB: MD monitoring daemon.
[[0;32m  OK  [0m] Started Login to default iSCSI targets.
[[0;32m  OK  [0m] Reached target Remote File Systems (Pre).
[[0;32m  OK  [0m] Reached target Remote File Systems.
         Starting LSB: automatic crash report generation...
         Starting LSB: Set the CPU Frequency Scaling governor to "ondemand"...
         Starting Permit User Sessions...
         Starting LSB: daemon to balance interrupts for SMP systems...
[[0;32m  OK  [0m] Started LSB: Set the CPU Frequency Scaling governor to "ondemand".
[[0;32m  OK  [0m] Started Permit User Sessions.
         Starting Terminate Plymouth Boot Screen...
         Starting Hold until boot process finishes up...
[[0;32m  OK  [0m] Started LSB: automatic crash report generation.
[[0;32m  OK  [0m] Started Terminate Plymouth Boot Screen.
[[0;32m  OK  [0m] Started Authenticate and Authorize Users to Run Privileged Tasks.
[[0;32m  OK  [0m] Started Hold until boot process finishes up.
[[0;32m  OK  [0m] Started Accounts Service.
[[0;32m  OK  [0m] Started Getty on tty1.
         Starting Set console scheme...
[[0;32m  OK  [0m] Started Serial Getty on ttyS0.
[[0;32m  OK  [0m] Reached target Login Prompts.
[[0;32m  OK  [0m] Started LSB: daemon to balance interrupts for SMP systems.
[[0;32m  OK  [0m] Started Set console scheme.
[[0;32m  OK  [0m] Started Virtualbox guest utils.
[[0;32m  OK  [0m] Started Pollinate to seed the pseudo random number generator.
         Starting OpenBSD Secure Shell server...
[[0;32m  OK  [0m] Started OpenBSD Secure Shell server.
[[0;32m  OK  [0m] Started LXD - container startup/shutdown.
[[0;32m  OK  [0m] Started Snap Daemon.
         Starting Wait until snapd is fully seeded...
[[0;32m  OK  [0m] Created slice User Slice of vagrant.
         Starting User Manager for UID 1000...
[[0;32m  OK  [0m] Started Session 1 of user vagrant.
[[0;32m  OK  [0m] Started Wait until snapd is fully seeded.
         Starting Apply the settings specified in cloud-config...
[[0;32m  OK  [0m] Reached target Multi-User System.
[[0;32m  OK  [0m] Reached target Graphical Interface.
         Starting Update UTMP about System Runlevel Changes...
[[0;32m  OK  [0m] Started Update UTMP about System Runlevel Changes.
[[0;32m  OK  [0m] Started User Manager for UID 1000.
[   27.727124] cloud-init[1311]: Generating locales (this might take a while)...

Ubuntu 16.04.6 LTS ubuntu-xenial ttyS0

ubuntu-xenial login: [   31.030297] cloud-init[1311]:   en_US.UTF-8... done
[   31.034868] cloud-init[1311]: Generation complete.
[   32.419859] cloud-init[1311]: Cloud-init v. 20.2-45-g5f7825e2-0ubuntu1~16.04.1 running 'modules:config' at Thu, 30 Jul 2020 17:27:43 +0000. Up 27.45 seconds.
ci-info: no authorized SSH keys fingerprints found for user ubuntu.
<14>Jul 30 17:27:49 ec2: 
<14>Jul 30 17:27:49 ec2: #############################################################
<14>Jul 30 17:27:49 ec2: -----BEGIN SSH HOST KEY FINGERPRINTS-----
<14>Jul 30 17:27:49 ec2: 1024 SHA256:0XXahePk99GpRhYuTdUzmUKXRa4fj9DKFzS+RTGjofw root@ubuntu-xenial (DSA)
<14>Jul 30 17:27:49 ec2: 256 SHA256:hu+JWfDzpFe2HrT+jQwdc8BOMmRQ7eDPYDEZo60+fuE root@ubuntu-xenial (ECDSA)
<14>Jul 30 17:27:49 ec2: 256 SHA256:bjQkZPNt4qcFKkpQXtrGPyyZhjLqNBGnb+zasrRUoVY root@ubuntu-xenial (ED25519)
<14>Jul 30 17:27:49 ec2: 2048 SHA256:h8YHAQUASL3s4KqfHA8DtUvzXncc8tvyZCdav/4Lox8 root@ubuntu-xenial (RSA)
<14>Jul 30 17:27:49 ec2: -----END SSH HOST KEY FINGERPRINTS-----
<14>Jul 30 17:27:49 ec2: #############################################################
-----BEGIN SSH HOST KEY KEYS-----
ecdsa-sha2-nistp256 AAAAE2VjZHNhLXNoYTItbmlzdHAyNTYAAAAIbmlzdHAyNTYAAABBBJLDL0lz1Mm7sy3TJiyrFmn/4lr+2RVhZck7HM0ZQVir6AImSl7KKguhaqIBIcjkwVKjb7Cu7H8U3ED0RVSPxDA= root@ubuntu-xenial
ssh-ed25519 AAAAC3NzaC1lZDI1NTE5AAAAIFRLTthJ/qurUJrQR5xiGKMi12E38zds0ncn5tDsZYWl root@ubuntu-xenial
ssh-rsa AAAAB3NzaC1yc2EAAAADAQABAAABAQDVDIRiDvdBzeqWA3Q5+xvZxr4IjjSTVQrOKfc2XJAg499aJJsxdJ5+NwS36wbRvY6NtCyYYSpd6HiS5HM5gWpRGAjCtUZUTk/mnccvecQ0DYqLxc8j3MnDQW4SfjKhOnsSfUhEd1OasCeL6xumpiqCzzLZ8XPkZYPbv9LXgruccsRbUGsEvcWUpYXTnZDiMRrSImmCJK55lh2ckznS8RXmETk1mKfULhdV0darnMCOXOuspHxFYWTqzvrzu50sbFydP5olXZJtF6MA7jYujV2sxucQSKoPr6TZ2gzHywO5YXP98ilOsFOqr+0gmT+76YDhCOQXbSNqudcFCbMMY0hx root@ubuntu-xenial
-----END SSH HOST KEY KEYS-----
[   33.028740] cloud-init[1585]: Cloud-init v. 20.2-45-g5f7825e2-0ubuntu1~16.04.1 running 'modules:final' at Thu, 30 Jul 2020 17:27:49 +0000. Up 32.78 seconds.
[   33.029025] cloud-init[1585]: ci-info: no authorized SSH keys fingerprints found for user ubuntu.
[   33.029593] cloud-init[1585]: Cloud-init v. 20.2-45-g5f7825e2-0ubuntu1~16.04.1 finished at Thu, 30 Jul 2020 17:27:49 +0000. Datasource DataSourceNoCloud [seed=/dev/sdb][dsmode=net].  Up 33.02 seconds
