[    0.000000] Initializing cgroup subsys cpuset
[    0.000000] Initializing cgroup subsys cpu
[    0.000000] Initializing cgroup subsys cpuacct
[    0.000000] Linux version 4.4.0-186-generic (buildd@lcy01-amd64-002) (gcc version 5.4.0 20160609 (Ubuntu 5.4.0-6ubuntu1~16.04.12) ) #216-Ubuntu SMP Wed Jul 1 05:34:05 UTC 2020 (Ubuntu 4.4.0-186.216-generic 4.4.228)
[    0.000000] Command line: BOOT_IMAGE=/boot/vmlinuz-4.4.0-186-generic root=LABEL=cloudimg-rootfs ro console=tty1 console=ttyS0
[    0.000000] KERNEL supported cpus:
[    0.000000]   Intel GenuineIntel
[    0.000000]   AMD AuthenticAMD
[    0.000000]   Centaur CentaurHauls
[    0.000000] x86/fpu: Legacy x87 FPU detected.
[    0.000000] e820: BIOS-provided physical RAM map:
[    0.000000] BIOS-e820: [mem 0x0000000000000000-0x000000000009fbff] usable
[    0.000000] BIOS-e820: [mem 0x000000000009fc00-0x000000000009ffff] reserved
[    0.000000] BIOS-e820: [mem 0x00000000000f0000-0x00000000000fffff] reserved
[    0.000000] BIOS-e820: [mem 0x0000000000100000-0x000000003ffeffff] usable
[    0.000000] BIOS-e820: [mem 0x000000003fff0000-0x000000003fffffff] ACPI data
[    0.000000] BIOS-e820: [mem 0x00000000fec00000-0x00000000fec00fff] reserved
[    0.000000] BIOS-e820: [mem 0x00000000fee00000-0x00000000fee00fff] reserved
[    0.000000] BIOS-e820: [mem 0x00000000fffc0000-0x00000000ffffffff] reserved
[    0.000000] NX (Execute Disable) protection: active
[    0.000000] SMBIOS 2.5 present.
[    0.000000] Hypervisor detected: KVM
[    0.000000] e820: last_pfn = 0x3fff0 max_arch_pfn = 0x400000000
[    0.000000] MTRR: Disabled
[    0.000000] x86/PAT: MTRRs disabled, skipping PAT initialization too.
[    0.000000] CPU MTRRs all blank - virtualized system.
[    0.000000] x86/PAT: Configuration [0-7]: WB  WT  UC- UC  WB  WT  UC- UC  
[    0.000000] found SMP MP-table at [mem 0x0009fff0-0x0009ffff] mapped at [ffff88000009fff0]
[    0.000000] Scanning 1 areas for low memory corruption
[    0.000000] RAMDISK: [mem 0x362e0000-0x37167fff]
[    0.000000] ACPI: Early table checksum verification disabled
[    0.000000] ACPI: RSDP 0x00000000000E0000 000024 (v02 VBOX  )
[    0.000000] ACPI: XSDT 0x000000003FFF0030 00003C (v01 VBOX   VBOXXSDT 00000001 ASL  00000061)
[    0.000000] ACPI: FACP 0x000000003FFF00F0 0000F4 (v04 VBOX   VBOXFACP 00000001 ASL  00000061)
[    0.000000] ACPI: DSDT 0x000000003FFF0470 002325 (v02 VBOX   VBOXBIOS 00000002 INTL 20100528)
[    0.000000] ACPI: FACS 0x000000003FFF0200 000040
[    0.000000] ACPI: FACS 0x000000003FFF0200 000040
[    0.000000] ACPI: APIC 0x000000003FFF0240 00005C (v02 VBOX   VBOXAPIC 00000001 ASL  00000061)
[    0.000000] ACPI: SSDT 0x000000003FFF02A0 0001CC (v01 VBOX   VBOXCPUT 00000002 INTL 20100528)
[    0.000000] No NUMA configuration found
[    0.000000] Faking a node at [mem 0x0000000000000000-0x000000003ffeffff]
[    0.000000] NODE_DATA(0) allocated [mem 0x3ffeb000-0x3ffeffff]
[    0.000000] kvm-clock: Using msrs 4b564d01 and 4b564d00
[    0.000000] kvm-clock: cpu 0, msr 0:3ffe3001, primary cpu clock
[    0.000000] kvm-clock: using sched offset of 5033416206 cycles
[    0.000000] clocksource: kvm-clock: mask: 0xffffffffffffffff max_cycles: 0x1cd42e4dffb, max_idle_ns: 881590591483 ns
[    0.000000] Zone ranges:
[    0.000000]   DMA      [mem 0x0000000000001000-0x0000000000ffffff]
[    0.000000]   DMA32    [mem 0x0000000001000000-0x000000003ffeffff]
[    0.000000]   Normal   empty
[    0.000000]   Device   empty
[    0.000000] Movable zone start for each node
[    0.000000] Early memory node ranges
[    0.000000]   node   0: [mem 0x0000000000001000-0x000000000009efff]
[    0.000000]   node   0: [mem 0x0000000000100000-0x000000003ffeffff]
[    0.000000] Initmem setup node 0 [mem 0x0000000000001000-0x000000003ffeffff]
[    0.000000] ACPI: PM-Timer IO Port: 0x4008
[    0.000000] IOAPIC[0]: apic_id 2, version 32, address 0xfec00000, GSI 0-23
[    0.000000] ACPI: INT_SRC_OVR (bus 0 bus_irq 0 global_irq 2 dfl dfl)
[    0.000000] ACPI: INT_SRC_OVR (bus 0 bus_irq 9 global_irq 9 low level)
[    0.000000] Using ACPI (MADT) for SMP configuration information
[    0.000000] smpboot: Allowing 2 CPUs, 0 hotplug CPUs
[    0.000000] PM: Registered nosave memory: [mem 0x00000000-0x00000fff]
[    0.000000] PM: Registered nosave memory: [mem 0x0009f000-0x0009ffff]
[    0.000000] PM: Registered nosave memory: [mem 0x000a0000-0x000effff]
[    0.000000] PM: Registered nosave memory: [mem 0x000f0000-0x000fffff]
[    0.000000] e820: [mem 0x40000000-0xfebfffff] available for PCI devices
[    0.000000] Booting paravirtualized kernel on KVM
[    0.000000] clocksource: refined-jiffies: mask: 0xffffffff max_cycles: 0xffffffff, max_idle_ns: 7645519600211568 ns
[    0.000000] setup_percpu: NR_CPUS:512 nr_cpumask_bits:512 nr_cpu_ids:2 nr_node_ids:1
[    0.000000] PERCPU: Embedded 33 pages/cpu @ffff88003fc00000 s95512 r8192 d31464 u1048576
[    0.000000] Built 1 zonelists in Node order, mobility grouping on.  Total pages: 257912
[    0.000000] Policy zone: DMA32
[    0.000000] Kernel command line: BOOT_IMAGE=/boot/vmlinuz-4.4.0-186-generic root=LABEL=cloudimg-rootfs ro console=tty1 console=ttyS0
[    0.000000] PID hash table entries: 4096 (order: 3, 32768 bytes)
[    0.000000] Memory: 997664K/1048120K available (8636K kernel code, 1337K rwdata, 4040K rodata, 1492K init, 1296K bss, 50456K reserved, 0K cma-reserved)
[    0.000000] SLUB: HWalign=64, Order=0-3, MinObjects=0, CPUs=2, Nodes=1
[    0.000000] Kernel/User page tables isolation: enabled
[    0.000000] Hierarchical RCU implementation.
[    0.000000] 	Build-time adjustment of leaf fanout to 64.
[    0.000000] 	RCU restricting CPUs from NR_CPUS=512 to nr_cpu_ids=2.
[    0.000000] RCU: Adjusting geometry for rcu_fanout_leaf=64, nr_cpu_ids=2
[    0.000000] NR_IRQS:33024 nr_irqs:440 16
[    0.000000] Console: colour VGA+ 80x25
[    0.000000] console [tty1] enabled
[    0.000000] console [ttyS0] enabled
[    0.000000] tsc: Detected 2304.006 MHz processor
[    0.601225] Calibrating delay loop (skipped) preset value.. 4608.01 BogoMIPS (lpj=9216024)
[    0.609904] pid_max: default: 32768 minimum: 301
[    0.616232] ACPI: Core revision 20150930
[    0.621080] ACPI: 2 ACPI AML tables successfully acquired and loaded
[    0.627535] Security Framework initialized
[    0.630883] Yama: becoming mindful.
[    0.634555] AppArmor: AppArmor initialized
[    0.638346] Dentry cache hash table entries: 131072 (order: 8, 1048576 bytes)
[    0.652267] Inode-cache hash table entries: 65536 (order: 7, 524288 bytes)
[    0.661680] Mount-cache hash table entries: 2048 (order: 2, 16384 bytes)
[    0.669055] Mountpoint-cache hash table entries: 2048 (order: 2, 16384 bytes)
[    0.679948] Initializing cgroup subsys io
[    0.684997] Initializing cgroup subsys memory
[    0.689019] Initializing cgroup subsys devices
[    0.694141] Initializing cgroup subsys freezer
[    0.698233] Initializing cgroup subsys net_cls
[    0.702290] Initializing cgroup subsys perf_event
[    0.706659] Initializing cgroup subsys net_prio
[    0.712793] Initializing cgroup subsys hugetlb
[    0.718371] Initializing cgroup subsys pids
[    0.722501] mce: CPU supports 0 MCE banks
[    0.725970] Last level iTLB entries: 4KB 64, 2MB 8, 4MB 8
[    0.730349] Last level dTLB entries: 4KB 64, 2MB 0, 4MB 0, 1GB 4
[    0.735496] Spectre V1 : Mitigation: usercopy/swapgs barriers and __user pointer sanitization
[    0.742398] Spectre V2 : Mitigation: Full generic retpoline
[    0.748238] Spectre V2 : Spectre v2 / SpectreRSB mitigation: Filling RSB on context switch
[    0.756533] Speculative Store Bypass: Vulnerable
[    0.761284] MDS: Mitigation: Clear CPU buffers
[    0.790296] Freeing SMP alternatives memory: 36K
[    0.839508] ftrace: allocating 32334 entries in 127 pages
[    1.421903] smpboot: APIC(0) Converting physical 0 to logical package 0
[    1.427857] smpboot: Max logical packages: 1
[    1.449112] ..TIMER: vector=0x30 apic1=0 pin1=2 apic2=-1 pin2=-1
[    1.564144] smpboot: CPU0: Intel(R) Core(TM) i5-8300H CPU @ 2.30GHz (family: 0x6, model: 0x9e, stepping: 0xa)
[    1.575335] Performance Events: unsupported p6 CPU model 158 no PMU driver, software events only.
[    1.632543] KVM setup paravirtual spinlock
[    1.639322] x86: Booting SMP configuration:
[    1.643583] .... node  #0, CPUs:      #1
[    1.650582] kvm-clock: cpu 1, msr 0:3ffe3041, secondary cpu clock
[    1.655253] mce: CPU supports 0 MCE banks
[    1.659072] TSC synchronization [CPU#0 -> CPU#1]:
[    1.662962] Measured 55396 cycles TSC warp between CPUs, turning off TSC clock.
[    1.669035] tsc: Marking TSC unstable due to check_tsc_sync_source failed
[    0.392783] x86: Booted up 1 node, 2 CPUs
[    0.396004] smpboot: Total of 2 processors activated (9216.02 BogoMIPS)
[    0.404472] devtmpfs: initialized
[    0.409492] evm: security.selinux
[    0.412005] evm: security.SMACK64
[    0.414287] evm: security.SMACK64EXEC
[    0.416005] evm: security.SMACK64TRANSMUTE
[    0.420007] evm: security.SMACK64MMAP
[    0.424014] evm: security.ima
[    0.428006] evm: security.capability
[    0.432397] clocksource: jiffies: mask: 0xffffffff max_cycles: 0xffffffff, max_idle_ns: 7645041785100000 ns
[    0.436039] futex hash table entries: 512 (order: 3, 32768 bytes)
[    0.444345] pinctrl core: initialized pinctrl subsystem
[    0.448273] RTC time: 14:31:03, date: 07/31/20
[    0.453785] NET: Registered protocol family 16
[    0.468019] cpuidle: using governor ladder
[    0.480025] cpuidle: using governor menu
[    0.484137] PCCT header not found.
[    0.488174] ACPI: bus type PCI registered
[    0.492006] acpiphp: ACPI Hot Plug PCI Controller Driver version: 0.5
[    0.496462] PCI: Using configuration type 1 for base access
[    0.524764] ACPI: Added _OSI(Module Device)
[    0.528004] ACPI: Added _OSI(Processor Device)
[    0.532002] ACPI: Added _OSI(3.0 _SCP Extensions)
[    0.536003] ACPI: Added _OSI(Processor Aggregator Device)
[    0.541074] ACPI: Executed 1 blocks of module-level executable AML code
[    0.556579] ACPI: Interpreter enabled
[    0.560022] ACPI: (supports S0 S5)
[    0.564004] ACPI: Using IOAPIC for interrupt routing
[    0.568390] PCI: Using host bridge windows from ACPI; if necessary, use "pci=nocrs" and report a bug
[    0.578736] ACPI: PCI Root Bridge [PCI0] (domain 0000 [bus 00-ff])
[    0.580079] acpi PNP0A03:00: _OSC: OS supports [ASPM ClockPM Segments MSI]
[    0.588559] acpi PNP0A03:00: _OSC: not requesting OS control; OS requires [ExtendedConfig ASPM ClockPM MSI]
[    0.592020] acpi PNP0A03:00: fail to add MMCONFIG information, can't access extended PCI configuration space under this bridge.
[    0.596530] PCI host bridge to bus 0000:00
[    0.600010] pci_bus 0000:00: root bus resource [io  0x0000-0x0cf7 window]
[    0.604008] pci_bus 0000:00: root bus resource [io  0x0d00-0xffff window]
[    0.608008] pci_bus 0000:00: root bus resource [mem 0x000a0000-0x000bffff window]
[    0.612007] pci_bus 0000:00: root bus resource [mem 0x40000000-0xfdffffff window]
[    0.616010] pci_bus 0000:00: root bus resource [bus 00-ff]
[    0.625170] pci 0000:00:01.1: legacy IDE quirk: reg 0x10: [io  0x01f0-0x01f7]
[    0.628006] pci 0000:00:01.1: legacy IDE quirk: reg 0x14: [io  0x03f6]
[    0.632009] pci 0000:00:01.1: legacy IDE quirk: reg 0x18: [io  0x0170-0x0177]
[    0.636016] pci 0000:00:01.1: legacy IDE quirk: reg 0x1c: [io  0x0376]
[    0.705950] pci 0000:00:07.0: quirk: [io  0x4000-0x403f] claimed by PIIX4 ACPI
[    0.728038] pci 0000:00:07.0: quirk: [io  0x4100-0x410f] claimed by PIIX4 SMB
[    0.757782] ACPI: PCI Interrupt Link [LNKA] (IRQs 5 9 10 *11)
[    0.808474] ACPI: PCI Interrupt Link [LNKB] (IRQs 5 9 *10 11)
[    0.825791] ACPI: PCI Interrupt Link [LNKC] (IRQs 5 *9 10 11)
[    0.841152] ACPI: PCI Interrupt Link [LNKD] (IRQs 5 9 10 *11)
[    0.853308] ACPI: Enabled 2 GPEs in block 00 to 07
[    0.868407] vgaarb: setting as boot device: PCI:0000:00:02.0
[    0.872000] vgaarb: device added: PCI:0000:00:02.0,decodes=io+mem,owns=io+mem,locks=none
[    0.888020] vgaarb: loaded
[    0.896004] vgaarb: bridge control possible 0000:00:02.0
[    0.904600] SCSI subsystem initialized
[    0.912138] ACPI: bus type USB registered
[    0.916067] usbcore: registered new interface driver usbfs
[    0.928054] usbcore: registered new interface driver hub
[    0.936141] usbcore: registered new device driver usb
[    0.948344] PCI: Using ACPI for IRQ routing
[    0.956654] NetLabel: Initializing
[    0.964002] NetLabel:  domain hash size = 128
[    0.972002] NetLabel:  protocols = UNLABELED CIPSOv4
[    0.980023] NetLabel:  unlabeled traffic allowed by default
[    0.992131] amd_nb: Cannot enumerate AMD northbridges
[    1.000236] clocksource: Switched to clocksource kvm-clock
[    1.047156] AppArmor: AppArmor Filesystem Enabled
[    1.051559] pnp: PnP ACPI init
[    1.057374] pnp: PnP ACPI: found 3 devices
[    1.069347] clocksource: acpi_pm: mask: 0xffffff max_cycles: 0xffffff, max_idle_ns: 2085701024 ns
[    1.076858] NET: Registered protocol family 2
[    1.081032] TCP established hash table entries: 8192 (order: 4, 65536 bytes)
[    1.089483] TCP bind hash table entries: 8192 (order: 5, 131072 bytes)
[    1.093430] TCP: Hash tables configured (established 8192 bind 8192)
[    1.093430] UDP hash table entries: 512 (order: 2, 16384 bytes)
[    1.093430] UDP-Lite hash table entries: 512 (order: 2, 16384 bytes)
[    1.093430] NET: Registered protocol family 1
[    1.093430] pci 0000:00:00.0: Limiting direct PCI/PCI transfers
[    1.093430] pci 0000:00:01.0: Activating ISA DMA hang workarounds
[    1.093430] Unpacking initramfs...
[    1.624057] Freeing initrd memory: 14880K
[    1.632650] clocksource: tsc: mask: 0xffffffffffffffff max_cycles: 0x2135fd711f6, max_idle_ns: 440795262176 ns
[    1.643870] platform rtc_cmos: registered platform RTC device (no PNP device found)
[    1.651930] Scanning for low memory corruption every 60 seconds
[    1.661755] audit: initializing netlink subsys (disabled)
[    1.667049] audit: type=2000 audit(1596205870.732:1): initialized
[    1.674128] Initialise system trusted keyring
[    1.679495] HugeTLB registered 2 MB page size, pre-allocated 0 pages
[    1.691831] zbud: loaded
[    1.696283] VFS: Disk quotas dquot_6.6.0
[    1.699390] VFS: Dquot-cache hash table entries: 512 (order 0, 4096 bytes)
[    1.705972] squashfs: version 4.0 (2009/01/31) Phillip Lougher
[    1.711585] fuse init (API version 7.23)
[    1.715394] Key type big_key registered
[    1.717960] Allocating IMA MOK and blacklist keyrings.
[    1.738639] Key type asymmetric registered
[    1.741925] Asymmetric key parser 'x509' registered
[    1.746495] Block layer SCSI generic (bsg) driver version 0.4 loaded (major 249)
[    1.758221] io scheduler noop registered
[    1.763425] io scheduler deadline registered (default)
[    1.769162] io scheduler cfq registered
[    1.773012] pci_hotplug: PCI Hot Plug PCI Core version: 0.5
[    1.779132] pciehp: PCI Express Hot Plug Controller Driver version: 0.4
[    1.787253] ACPI: AC Adapter [AC] (on-line)
[    1.790875] input: Power Button as /devices/LNXSYSTM:00/LNXPWRBN:00/input/input0
[    1.790875] ACPI: Power Button [PWRF]
[    1.790875] input: Sleep Button as /devices/LNXSYSTM:00/LNXSLPBN:00/input/input1
[    1.790875] ACPI: Sleep Button [SLPF]
[    1.829576] GHES: HEST is not enabled!
[    1.836970] ACPI: Battery Slot [BAT0] (battery present)
[    1.850433] Serial: 8250/16550 driver, 32 ports, IRQ sharing enabled
[    1.908992] 00:02: ttyS0 at I/O 0x3f8 (irq = 4, base_baud = 115200) is a 16550A
[    1.928321] Linux agpgart interface v0.103
[    1.943946] loop: module loaded
[    1.950974] scsi host0: ata_piix
[    1.961866] scsi host1: ata_piix
[    1.966758] ata1: PATA max UDMA/33 cmd 0x1f0 ctl 0x3f6 bmdma 0xd000 irq 14
[    1.974115] ata2: PATA max UDMA/33 cmd 0x170 ctl 0x376 bmdma 0xd008 irq 15
[    1.980279] libphy: Fixed MDIO Bus: probed
[    1.985458] tun: Universal TUN/TAP device driver, 1.6
[    1.993067] tun: (C) 1999-2004 Max Krasnyansky <maxk@qualcomm.com>
[    1.998304] PPP generic driver version 2.4.2
[    2.002265] ehci_hcd: USB 2.0 'Enhanced' Host Controller (EHCI) Driver
[    2.009506] ehci-pci: EHCI PCI platform driver
[    2.013560] ehci-platform: EHCI generic platform driver
[    2.018418] ohci_hcd: USB 1.1 'Open' Host Controller (OHCI) Driver
[    2.031380] ohci-pci: OHCI PCI platform driver
[    2.036582] ohci-platform: OHCI generic platform driver
[    2.043479] uhci_hcd: USB Universal Host Controller Interface driver
[    2.050594] i8042: PNP: PS/2 Controller [PNP0303:PS2K,PNP0f03:PS2M] at 0x60,0x64 irq 1,12
[    2.067405] serio: i8042 KBD port at 0x60,0x64 irq 1
[    2.072898] serio: i8042 AUX port at 0x60,0x64 irq 12
[    2.077898] mousedev: PS/2 mouse device common for all mice
[    2.085665] input: AT Translated Set 2 keyboard as /devices/platform/i8042/serio0/input/input2
[    2.099280] rtc_cmos rtc_cmos: rtc core: registered rtc_cmos as rtc0
[    2.105371] rtc_cmos rtc_cmos: alarms up to one day, 114 bytes nvram
[    2.111093] i2c /dev entries driver
[    2.114246] device-mapper: uevent: version 1.0.3
[    2.118530] device-mapper: ioctl: 4.34.0-ioctl (2015-10-28) initialised: dm-devel@redhat.com
[    2.129643] ledtrig-cpu: registered to indicate activity on CPUs
[    2.139582] NET: Registered protocol family 10
[    2.153943] NET: Registered protocol family 17
[    2.161440] Key type dns_resolver registered
[    2.165859] registered taskstats version 1
[    2.169921] Loading compiled-in X.509 certificates
[    2.175843] Loaded X.509 cert 'Build time autogenerated kernel key: cef5e81496c0efa51b848ab539e845ddf31c08be'
[    2.192804] zswap: loaded using pool lzo/zbud
[    2.222087] Key type trusted registered
[    2.234990] Key type encrypted registered
[    2.238403] AppArmor: AppArmor sha1 policy hashing enabled
[    2.242809] ima: No TPM chip found, activating TPM-bypass!
[    2.247660] ima: Allocated hash algorithm: sha1
[    2.252649] evm: HMAC attrs: 0x1
[    2.260262]   Magic number: 12:299:537
[    2.263951] tty ttyS17: hash matches
[    2.269067] rtc_cmos rtc_cmos: setting system clock to 2020-07-31 14:31:05 UTC (1596205865)
[    2.278235] BIOS EDD facility v0.16 2004-Jun-25, 0 devices found
[    2.283722] EDD information not available.
[    2.291010] Freeing unused kernel memory: 1492K
[    2.296545] Write protecting the kernel read-only data: 14336k
[    2.302908] Freeing unused kernel memory: 1592K
[    2.308584] Freeing unused kernel memory: 56K
Loading, please wait...
starting version 229
[    2.354158] random: systemd-udevd: uninitialized urandom read (16 bytes read, 5 bits of entropy available)
[    2.356558] random: udevadm: uninitialized urandom read (16 bytes read, 5 bits of entropy available)
[    2.356660] random: udevadm: uninitialized urandom read (16 bytes read, 5 bits of entropy available)
[    2.377495] random: udevadm: uninitialized urandom read (16 bytes read, 5 bits of entropy available)
[    2.377567] random: udevadm: uninitialized urandom read (16 bytes read, 5 bits of entropy available)
[    2.377889] random: udevadm: uninitialized urandom read (16 bytes read, 5 bits of entropy available)
[    2.377981] random: udevadm: uninitialized urandom read (16 bytes read, 5 bits of entropy available)
[    2.378095] random: udevadm: uninitialized urandom read (16 bytes read, 5 bits of entropy available)
[    2.378240] random: udevadm: uninitialized urandom read (16 bytes read, 5 bits of entropy available)
[    2.378353] random: udevadm: uninitialized urandom read (16 bytes read, 5 bits of entropy available)
[    2.708137] e1000: Intel(R) PRO/1000 Network Driver - version 7.3.21-k8-NAPI
[    2.719372] e1000: Copyright (c) 1999-2006 Intel Corporation.
[    2.745831] Fusion MPT base driver 3.04.20
[    2.751767] Copyright (c) 1999-2008 LSI Corporation
[    2.865811] Fusion MPT SPI Host driver 3.04.20
[    3.593500] e1000 0000:00:03.0 eth0: (PCI:33MHz:32-bit) 02:e5:f9:b1:f5:c2
[    3.599198] e1000 0000:00:03.0 eth0: Intel(R) PRO/1000 Network Connection
[    3.606522] mptbase: ioc0: Initiating bringup
[    3.628964] input: ImExPS/2 Generic Explorer Mouse as /devices/platform/i8042/serio1/input/input4
[    3.675019] ioc0: LSI53C1030 A0: Capabilities={Initiator}
[    4.457459] scsi host2: ioc0: LSI53C1030 A0, FwRev=00000000h, Ports=1, MaxQ=256, IRQ=20
[    4.970889] scsi 2:0:0:0: Direct-Access     VBOX     HARDDISK         1.0  PQ: 0 ANSI: 5
[    4.978546] scsi target2:0:0: Beginning Domain Validation
[    4.993463] scsi target2:0:0: Domain Validation skipping write tests
[    4.998907] scsi target2:0:0: Ending Domain Validation
[    5.577993] scsi target2:0:0: asynchronous
[    5.585606] scsi 2:0:1:0: Direct-Access     VBOX     HARDDISK         1.0  PQ: 0 ANSI: 5
[    5.602597] scsi target2:0:1: Beginning Domain Validation
[    5.638259] e1000 0000:00:08.0 eth1: (PCI:33MHz:32-bit) 08:00:27:14:fd:0e
[    5.646598] e1000 0000:00:08.0 eth1: Intel(R) PRO/1000 Network Connection
[    5.667983] e1000 0000:00:03.0 enp0s3: renamed from eth0
[    5.668369] scsi target2:0:1: Domain Validation skipping write tests
[    5.668370] scsi target2:0:1: Ending Domain Validation
[    5.676458] scsi target2:0:1: asynchronous
[    5.721644] e1000 0000:00:08.0 enp0s8: renamed from eth1
[    5.745384] sd 2:0:0:0: Attached scsi generic sg0 type 0
[    5.745561] sd 2:0:0:0: [sda] 20971520 512-byte logical blocks: (10.7 GB/10.0 GiB)
[    5.746495] sd 2:0:0:0: [sda] Write Protect is off
[    5.747105] sd 2:0:0:0: [sda] Incomplete mode parameter data
[    5.747107] sd 2:0:0:0: [sda] Assuming drive cache: write through
[    5.754179]  sda: sda1
[    5.759266] sd 2:0:0:0: [sda] Attached SCSI disk
[    5.808465] sd 2:0:1:0: Attached scsi generic sg1 type 0
[    5.809241] sd 2:0:1:0: [sdb] 20480 512-byte logical blocks: (10.5 MB/10.0 MiB)
[    5.809956] sd 2:0:1:0: [sdb] Write Protect is off
[    5.810458] sd 2:0:1:0: [sdb] Incomplete mode parameter data
[    5.810459] sd 2:0:1:0: [sdb] Assuming drive cache: write through
[    5.873973] sd 2:0:1:0: [sdb] Attached SCSI disk
Begin: Loading essential drivers ... [    7.628804] md: linear personality registered for level -1
[    7.638594] md: multipath personality registered for level -4
[    7.648164] md: raid0 personality registered for level 0
[    7.667230] md: raid1 personality registered for level 1
[    7.744501] raid6: sse2x1   gen()  8419 MB/s
[    7.816721] raid6: sse2x1   xor()  8026 MB/s
[    7.888111] raid6: sse2x2   gen() 12640 MB/s
[    7.961191] raid6: sse2x2   xor()  9142 MB/s
[    8.032479] raid6: sse2x4   gen() 14153 MB/s
[    8.101000] raid6: sse2x4   xor() 10437 MB/s
[    8.105364] raid6: using algorithm sse2x4 gen() 14153 MB/s
[    8.109524] raid6: .... xor() 10437 MB/s, rmw enabled
[    8.113720] raid6: using ssse3x2 recovery algorithm
[    8.120297] xor: measuring software checksum speed
[   12.711913]    prefetch64-sse: 316416.704 MB/sec
[   12.818921]    generic_sse: 51878.000 MB/sec
[   12.823732] xor: using function: prefetch64-sse (316416.704 MB/sec)
[   12.832211] async_tx: api initialized (async)
[   12.875155] md: raid6 personality registered for level 6
[   12.881520] md: raid5 personality registered for level 5
[   12.886619] md: raid4 personality registered for level 4
[   12.911212] md: raid10 personality registered for level 10
done.
Begin: Running /scripts/init-premount ... done.
Begin: Mounting root file system ... Begin: Running /scripts/local-top ... done.
Begin: Running /scripts/local-premount ... [   12.999663] Btrfs loaded
Scanning for Btrfs filesystems
done.
Warning: fsck not present, so skipping root file system
[   13.089550] EXT4-fs (sda1): mounted filesystem with ordered data mode. Opts: (null)
done.
Begin: Running /scripts/local-bottom ... done.
Begin: Running /scripts/init-bottom ... done.
[   13.964368] random: nonblocking pool is initialized
[   13.982147] systemd[1]: systemd 229 running in system mode. (+PAM +AUDIT +SELINUX +IMA +APPARMOR +SMACK +SYSVINIT +UTMP +LIBCRYPTSETUP +GCRYPT +GNUTLS +ACL +XZ -LZ4 +SECCOMP +BLKID +ELFUTILS +KMOD -IDN)
[   13.998605] systemd[1]: Detected virtualization oracle.
[   14.002944] systemd[1]: Detected architecture x86-64.

Welcome to [1mUbuntu 16.04.6 LTS[0m!

[   14.041056] systemd[1]: Set hostname to <ubuntu>.
[   14.076515] systemd[1]: Initializing machine ID from random generator.
[   14.083750] systemd[1]: Installed transient /etc/machine-id file.
[   14.751224] systemd[1]: Started Forward Password Requests to Wall Directory Watch.
[[0;32m  OK  [0m] Started Forward Password Requests to Wall Directory Watch.
[   14.762269] systemd[1]: Listening on LVM2 poll daemon socket.
[[0;32m  OK  [0m] Listening on LVM2 poll daemon socket.
[   14.769314] systemd[1]: Listening on Syslog Socket.
[[0;32m  OK  [0m] Listening on Syslog Socket.
[   14.775451] systemd[1]: Reached target Encrypted Volumes.
[[0;32m  OK  [0m] Reached target Encrypted Volumes.
[   14.783056] systemd[1]: Created slice User and Session Slice.
[[0;32m  OK  [0m] Created slice User and Session Slice.
[   14.796532] systemd[1]: Reached target User and Group Name Lookups.
[[0;32m  OK  [0m] Reached target User and Group Name Lookups.
[   14.804655] systemd[1]: Listening on Journal Socket (/dev/log).
[[0;32m  OK  [0m] Listening on Journal Socket (/dev/log).
[   14.813081] systemd[1]: Listening on Journal Socket.
[[0;32m  OK  [0m] Listening on Journal Socket.
[   14.820837] systemd[1]: Listening on /dev/initctl Compatibility Named Pipe.
[[0;32m  OK  [0m] Listening on /dev/initctl Compatibility Named Pipe.
[   14.831088] systemd[1]: Listening on udev Kernel Socket.
[[0;32m  OK  [0m] Listening on udev Kernel Socket.
[   14.839145] systemd[1]: Reached target System Time Synchronized.
[[0;32m  OK  [0m] Reached target System Time Synchronized.
[   14.847033] systemd[1]: Listening on udev Control Socket.
[[0;32m  OK  [0m] Listening on udev Control Socket.
[   14.855451] systemd[1]: Created slice System Slice.
[[0;32m  OK  [0m] Created slice System Slice.
[   14.876259] systemd[1]: Starting Nameserver information manager...
         Starting Nameserver information manager...
[   14.891764] systemd[1]: Reached target Slices.
[[0;32m  OK  [0m] Reached target Slices.
[   14.904963] systemd[1]: Created slice system-serial\x2dgetty.slice.
[[0;32m  OK  [0m] Created slice system-serial\x2dgetty.slice.
[   14.928418] systemd[1]: Starting Create list of required static device nodes for the current kernel...
         Starting Create list of required st... nodes for the current kernel...
[   14.947279] systemd[1]: Starting Uncomplicated firewall...
         Starting Uncomplicated firewall...
[   14.966872] systemd[1]: Mounting Debug File System...
         Mounting Debug File System...
[   14.989115] systemd[1]: Mounting POSIX Message Queue File System...
         Mounting POSIX Message Queue File System...
[   15.005041] systemd[1]: Starting Set console keymap...
         Starting Set console keymap...
[   15.023508] systemd[1]: Mounting Huge Pages File System...
         Mounting Huge Pages File System...
[   15.059194] systemd[1]: Listening on LVM2 metadata daemon socket.
[[0;32m  OK  [0m] Listening on LVM2 metadata daemon socket.
[   15.105954] systemd[1]: Started Trigger resolvconf update for networkd DNS.
[[0;32m  OK  [0m] Started Trigger resolvconf update for networkd DNS.
[   15.137542] systemd[1]: Starting Load Kernel Modules...
         Starting Load Kernel Modules...
[   15.157125] systemd[1]: Listening on Device-mapper event daemon FIFOs.
[[0;32m  OK  [0m] Listening on Device-mapper event daemon FIFOs.
[   15.170491] systemd[1]: Starting Monitoring of LVM2 mirrors, snapshots etc. using dmeventd or progress polling...
         Starting Monitoring of LVM2 mirrors... dmeventd or progress polling...
[   15.189612] systemd[1]: Set up automount Arbitrary Executable File Formats File System Automount Point.
[[0;32m  OK  [0m] Set up automount Arbitrary Executab...ats File System Automount Point.
[   15.228039] systemd[1]: Listening on Journal Audit Socket.
[[0;32m  OK  [0m] Listening on Journal Audit Socket.
[   15.248652] systemd[1]: Starting Journal Service...
         Starting Journal Service...
[   15.262598] Loading iSCSI transport class v2.0-870.
[   15.263605] systemd[1]: Starting Remount Root and Kernel File Systems...
         Starting Remount Root and Kernel File Systems...
[   15.279881] systemd[1]: Reached target Swap.
[[0;32m  OK  [0m] Reached target Swap.
[   15.310265] systemd[1]: Mounted POSIX Message Queue File System.
[[0;32m  OK  [0m[   15.328736] EXT4-fs (sda1): re-mounted. Opts: (null)
] Mounted POSIX Message Queue File System.
[   15.336000] systemd[1]: Mounted Debug File System.
[[0;32m  OK  [0m] Mounted Debug File System.
[   15.347771] systemd[1]: Mounted Huge Pages File System.
[   15.356291] iscsi: registered transport (tcp)
[[0;32m  OK  [0m] Mounted Huge Pages File System.
[   15.376767] systemd[1]: Started Create list of required static device nodes for the current kernel.
[[0;32m  OK  [0m] Started Create list of required sta...ce nodes for the current kernel.
[   15.391644] systemd[1]: Started Uncomplicated firewall.
[[0;32m  OK  [0m] Started Uncomplicated firewall.
[   15.401725] systemd[1]: Started Set console keymap.
[[0;32m  OK  [0m] Started Set console keymap.
[   15.410222] systemd[1]: Started Remount Root and Kernel File Systems.
[[0;32m  OK  [0m] Started Remount Root and Kernel File Systems.
[   15.436970] systemd[1]: Started Nameserver information manager.
[[0;32m  OK  [0m] Started Nameserver information manager.
[   15.449622] systemd[1]: Starting Load/Save Random Seed...
         Starting Load/Save Random Seed...
[   15.501264] systemd[1]: Starting udev Coldplug all Devices...
         Starting udev Coldplug all Devices...
[   15.513684] systemd[1]: Starting Create Static Device Nodes in /dev...
         Starting Create Static Device Nodes in /dev...
[   15.541770] systemd[1]: Started Load/Save Random Seed.
[[0;32m  OK  [0m] Started Load/Save Random Seed.
[   15.585853] systemd[1]: Started LVM2 metadata daemon.
[[0;32m  OK  [0m] Started LVM2 metadata daemon.
[   15.602541] systemd[1]: Started Journal Service.
[[0;32m  OK  [0m] Started Journal Service.
         Starting Flush Journal to Persistent Storage...
[   15.689892] iscsi: registered transport (iser)
[[0;32m  OK  [0m] Started Load Kernel Modules.
         Mounting FUSE Control File System...
         Starting Apply Kernel Variables...
[[0;32m  OK  [0m] Mounted FUSE Control File System.
[[0;32m  OK  [0m] Started udev Coldplug all Devices.
[   15.742970] systemd-journald[383]: Received request to flush runtime journal from PID 1
[[0;32m  OK  [0m] Started Flush Journal to Persistent Storage.
[[0;32m  OK  [0m] Started Create Static Device Nodes in /dev.
[[0;32m  OK  [0m] Started Monitoring of LVM2 mirrors,...ng dmeventd or progress polling.
[[0;32m  OK  [0m] Started Apply Kernel Variables.
[[0;32m  OK  [0m] Reached target Local File Systems (Pre).
[[0;32m  OK  [0m] Reached target Local File Systems.
         Starting Tell Plymouth To Write Out Runtime Data...
         Starting Create Volatile Files and Directories...
         Starting Set console font and keymap...
         Starting Commit a transient machine-id on disk...
         Starting LSB: AppArmor initialization...
         Starting Initial cloud-init job (pre-networking)...
         Starting udev Kernel Device Manager...
[[0;32m  OK  [0m] Started Create Volatile Files and Directories.
[[0;32m  OK  [0m] Started Tell Plymouth To Write Out Runtime Data.
         Starting Update UTMP about System Boot/Shutdown...
[[0;32m  OK  [0m] Started Commit a transient machine-id on disk.
[[0;32m  OK  [0m] Started Update UTMP about System Boot/Shutdown.
[[0;32m  OK  [0m] Started udev Kernel Device Manager.
[[0;32m  OK  [0m] Started Dispatch Password Requests to Console Directory Watch.
[[0;32m  OK  [0m] Found device /dev/ttyS0.
[[0;32m  OK  [0m] Listening on Load/Save RF Kill Switch Status /dev/rfkill Watch.
[[0;32m  OK  [0m] Started Set console font and keymap.
[[0;32m  OK  [0m] Started LSB: AppArmor initialization.
         Starting Load AppArmor profiles managed internally by snapd...
[[0;32m  OK  [0m] Created slice system-getty.slice.
[[0;32m  OK  [0m] Started Load AppArmor profiles managed internally by snapd.
[   20.267411] cloud-init[463]: Cloud-init v. 20.2-45-g5f7825e2-0ubuntu1~16.04.1 running 'init-local' at Fri, 31 Jul 2020 14:31:22 +0000. Up 19.62 seconds.
[[0;32m  OK  [0m] Started Initial cloud-init job (pre-networking).
[[0;32m  OK  [0m] Reached target Network (Pre).
         Starting Raise network interfaces...
[[0;32m  OK  [0m] Started Raise network interfaces.
         Starting Initial cloud-init job (metadata service crawler)...
[[0;32m  OK  [0m] Reached target Network.
[   22.792440] cloud-init[922]: Cloud-init v. 20.2-45-g5f7825e2-0ubuntu1~16.04.1 running 'init' at Fri, 31 Jul 2020 14:31:24 +0000. Up 21.26 seconds.
[   22.798022] cloud-init[922]: ci-info: ++++++++++++++++++++++++++++++++++++++Net device info+++++++++++++++++++++++++++++++++++++++
[   22.804148] cloud-init[922]: ci-info: +--------+-------+----------------------------+---------------+--------+-------------------+
[   22.810547] cloud-init[922]: ci-info: | Device |   Up  |          Address           |      Mask     | Scope  |     Hw-Address    |
[   22.816186] cloud-init[922]: ci-info: +--------+-------+----------------------------+---------------+--------+-------------------+
[   22.823114] cloud-init[922]: ci-info: | enp0s3 |  True |         10.0.2.15          | 255.255.255.0 | global | 02:e5:f9:b1:f5:c2 |
[   22.828140] cloud-init[922]: ci-info: | enp0s3 |  True | fe80::e5:f9ff:feb1:f5c2/64 |       .       |  link  | 02:e5:f9:b1:f5:c2 |
[   22.833103] cloud-init[922]: ci-info: | enp0s8 | False |             .              |       .       |   .    | 08:00:27:14:fd:0e |
[   22.838071] cloud-init[922]: ci-info: |   lo   |  True |         127.0.0.1          |   255.0.0.0   |  host  |         .         |
[   22.843407] cloud-init[922]: ci-info: |   lo   |  True |          ::1/128           |       .       |  host  |         .         |
[   22.848394] cloud-init[922]: ci-info: +--------+-------+----------------------------+---------------+--------+-------------------+
[   22.854660] cloud-init[922]: ci-info: +++++++++++++++++++++++++++Route IPv4 info++++++++++++++++++++++++++++
[   22.869091] cloud-init[922]: ci-info: +-------+-------------+----------+---------------+-----------+-------+
[   22.875389] cloud-init[922]: ci-info: | Route | Destination | Gateway  |    Genmask    | Interface | Flags |
[   22.881402] cloud-init[922]: ci-info: +-------+-------------+----------+---------------+-----------+-------+
[   22.888458] cloud-init[922]: ci-info: |   0   |   0.0.0.0   | 10.0.2.2 |    0.0.0.0    |   enp0s3  |   UG  |
[   22.893985] cloud-init[922]: ci-info: |   1   |   10.0.2.0  | 0.0.0.0  | 255.255.255.0 |   enp0s3  |   U   |
[   22.898949] cloud-init[922]: ci-info: +-------+-------------+----------+---------------+-----------+-------+
[   22.904741] cloud-init[922]: ci-info: +++++++++++++++++++Route IPv6 info+++++++++++++++++++
[   22.909887] cloud-init[922]: ci-info: +-------+-------------+---------+-----------+-------+
[   22.914734] cloud-init[922]: ci-info: | Route | Destination | Gateway | Interface | Flags |
[   22.919607] [[0;32m  OK  [0m] Started Initial cloud-init job (metadata service crawler).
[[0;32m  OK  [0m] Reached target Network is Online.
cloud-init[922]: ci-info: +-------+-------------+---------+-----------+-------+
[   22.933064] cloud-init[922]: ci-info: |   0   |  fe80::/64  |    ::   |   enp0s3  |   U   |
[   22.939950]          Starting iSCSI initiator daemon (iscsid)...
[[0;32m  OK  [0m] Reached target Cloud-config availability.
[[0;32m  OK  [0m] Reached target System Initialization.
[[0;32m  OK  [0m] Started Message of the Day.
[[0;32m  OK  [0m] Started Daily Cleanup of Temporary Directories.
cloud-init[922]: ci-info: |   3   |   ff00::/8  |    ::   |   enp0s3  |   U   |
[   22.956931] cloud-init[922]:          Starting LXD - unix socket.
[[0;32m  OK  [0m] Started Daily apt download activities.
[[0;32m  OK  [0m] Started Daily apt upgrade and clean activities.
[[0;32m  OK  [0m] Reached target Timers.
[[0;32m  OK  [0m] Listening on UUID daemon activation socket.
[[0;32m  OK  [0m] Listening on D-Bus System Message Bus Socket.
         Starting Socket activation for snappy daemon.
[[0;32m  OK  [0m] Listening on ACPID Listen Socket.
ci-info: +-------+-------------+---------+-----------+-------+
[   22.978102] cloud-init[922]: Generating public/private rsa key pair.
[   22.984944] cloud-init[922]: Your identification has been saved in /etc/ssh/ssh_host_rsa_key.
[   22.992220] cloud-init[922]: Your public key has been saved in /etc/ssh/ssh_host_rsa_key.pub.
[   23.005438] cloud-init[922]: The key fingerprint is:
[   23.010869] cloud-init[922]: SHA256:oNMGZ/Nn0ipgVBoYaELyMDhEVI2VHe1sPNSgxmePneI root@ubuntu-xenial
[   23.018063] cloud-init[922]: The key's randomart image is:
[   23.025435] cloud-init[922]: +---[RSA 2048]----+
[   23.036736] cloud-init[922]: |X*o+=.+.o.o      |
[   23.041991] cloud-init[922]: |*=.. *...o .     |
[   23.047478] cloud-init[922]: |o.. + =+=o       |
[   23.054467] cloud-init[922]: |   . *.+oB+ .    |
[   23.060542] cloud-init[922]: |    = o So=+     |
[   23.072849] cloud-init[922]: |   . +  .=.      |
[   23.078476] cloud-init[922]: |      . .E       |
[   23.086763] cloud-init[922]: |       .         |
[   23.094340] cloud-init[922]: |                 |
[   23.100583] cloud-init[922]: +----[SHA256]-----+
[[0;32m  OK  [0m] Started ACPI Events Check.
[[0;32m  OK  [0m[   23.109782] cloud-init[922]: Generating public/private dsa key pair.
[   23.113274] cloud-init[922]: Your identification has been saved in /etc/ssh/ssh_host_dsa_key.
[   23.113873] cloud-init[922]: Your public key has been saved in /etc/ssh/ssh_host_dsa_key.pub.
[   23.114447] cloud-init[922]: The key fingerprint is:
[   23.114811] cloud-init[922]: SHA256:e7vQVoECehlQQ2Ar3s8oWi+Cdh+0pyf3VRHs9p/Xr/U root@ubuntu-xenial
[   23.115216] cloud-init[922]: The key's randomart image is:
[   23.115600] cloud-init[922]: +---[DSA 1024]----+
[   23.115635] cloud-init[922]: |    +=*     ..   |
[   23.115678] cloud-init[922]: |   . o =   . ..  |
[   23.116731] cloud-init[922]: |  . o o . . o.   |
[   23.117228] cloud-init[922]: | . o .   .   +.  |
[   23.117618] cloud-init[922]: |  . ..  S   o..  |
[   23.118006] cloud-init[922]: |    .+.  o ..  . |
[   23.118458] cloud-init[922]: |. o .oo.o +.    =|
[   23.118890] cloud-init[922]: |o+.+ .+o +..   o=|
[   23.121705] cloud-init[922]: |o...oo+ ..o.  ..E|
[   23.122061] cloud-init[922]: +----[SHA256]-----+
[   23.122525] cloud-init[922]: Generating public/private ecdsa key pair.
[   23.123070] cloud-init[922]: Your identification has been saved in /etc/ssh/ssh_host_ecdsa_key.
[   23.123579] cloud-init[922]: Your public key has been saved in /etc/ssh/ssh_host_ecdsa_key.pub.
[   23.124019] cloud-init[922]: The key fingerprint is:
[   23.124971] cloud-init[922]: SHA256:H1rlbV+5LqCxbwB8FdQOla38ZH36dXUSNUyTWdwWkag root@ubuntu-xenial
[   23.125294] cloud-init[922]: The key's randomart image is:
[   23.125667] cloud-init[922]: +---[ECDSA 256]---+
[   23.126140] cloud-init[922]: |          .o+.*O@|
[   23.126529] cloud-init[922]: |           o +.**|
[   23.126970] cloud-init[922]: |      .   . * .o.|
[   23.127363] cloud-init[922]: |       o . E =.o*|
[   23.127764] cloud-init[922]: |        S o . *+=|
[   23.128774] cloud-init[922]: |         * o ..o=|
[   23.129209] cloud-init[922]: |        . * .  o+|
[   23.129654] cloud-init[922]: |         o . .. .|
[   23.130080] cloud-init[922]: |          o.  .. |
[   23.130488] cloud-init[922]: +----[SHA256]-----+
[   23.130964] cloud-init[922]: Generating public/private ed25519 key pair.
[   23.131339] cloud-init[922]: Your identification has been saved in /etc/ssh/ssh_host_ed25519_key.
[   23.131781] cloud-init[922]: Your public key has been saved in /etc/ssh/ssh_host_ed25519_key.pub.
[   23.132894] cloud-init[922]: The key fingerprint is:
[   23.132952] cloud-init[922]: SHA256:3WVaHJz42EmAWobvjrjg7ksiJ2cMv4/m/Od7Xp0LNgo root@ubuntu-xenial
[   23.133041] cloud-init[922]: The key's randomart image is:
[   23.133106] cloud-init[922]: +--[ED25519 256]--+
[   23.133961] cloud-init[922]: |         . ..+.. |
[   23.134183] cloud-init[922]: |        . + ..+. |
[   23.134453] cloud-init[922]: |         =   ==. |
[   23.134744] cloud-init[922]: |        .....=+  |
[   23.135179] cloud-init[922]: |.       S.. o    |
[   23.135725] cloud-init[922]: | +        .. .   |
[   23.136500] cloud-init[922]: |o B o E. o= o    |
[   23.136546] cloud-init[922]: | B.* .o.o+.o .   |
[   23.137158] cloud-init[922]: | o==B++=o   .    |
[   23.137761] cloud-init[922]: +----[SHA256]-----+
] Reached target Paths.
[[0;32m  OK  [0m] Listening on LXD - unix socket.
[[0;32m  OK  [0m] Listening on Socket activation for snappy daemon.
[[0;32m  OK  [0m] Reached target Sockets.
[[0;32m  OK  [0m] Reached target Basic System.
         Starting Virtualbox guest utils...
         Starting Accounts Service...
[[0;32m  OK  [0m] Started Regular background program processing daemon.
         Starting System Logging Service...
[[0;32m  OK  [0m] Started D-Bus System Message Bus.
         Starting LSB: MD monitoring daemon...
[[0;32m  OK  [0m] Started FUSE filesystem for LXC.
         Starting /etc/rc.local Compatibility...
         Starting LSB: Record successful boot for GRUB...
         Starting Snap Daemon...
         Starting LXD - container startup/shutdown...
[[0;32m  OK  [0m] Started Deferred execution scheduler.
         Starting Login Service...
         Starting Pollinate to seed the pseudo random number generator...
[[0;32m  OK  [0m] Started ACPI event daemon.
[[0;32m  OK  [0m] Started System Logging Service.
[[0;32m  OK  [0m] Started iSCSI initiator daemon (iscsid).
[[0;32m  OK  [0m] Started /etc/rc.local Compatibility.
         Starting Login to default iSCSI targets...
         Starting Authenticate and Authorize Users to Run Privileged Tasks...
[[0;32m  OK  [0m] Started LSB: MD monitoring daemon.
[[0;32m  OK  [0m] Started Login Service.
[[0;32m  OK  [0m] Started Unattended Upgrades Shutdown.
[[0;32m  OK  [0m] Started LSB: Record successful boot for GRUB.
[[0;32m  OK  [0m] Started Login to default iSCSI targets.
[[0;32m  OK  [0m] Reached target Remote File Systems (Pre).
[[0;32m  OK  [0m] Reached target Remote File Systems.
         Starting LSB: daemon to balance interrupts for SMP systems...
         Starting LSB: automatic crash report generation...
         Starting Permit User Sessions...
         Starting LSB: Set the CPU Frequency Scaling governor to "ondemand"...
[[0;32m  OK  [0m] Started Permit User Sessions.
         Starting Terminate Plymouth Boot Screen...
         Starting Hold until boot process finishes up...
[[0;32m  OK  [0m] Started LSB: Set the CPU Frequency Scaling governor to "ondemand".
[[0;32m  OK  [0m] Started Terminate Plymouth Boot Screen.
[[0;32m  OK  [0m] Started Hold until boot process finishes up.
[[0;32m  OK  [0m] Started Getty on tty1.
         Starting Set console scheme...
[[0;32m  OK  [0m] Started Serial Getty on ttyS0.
[[0;32m  OK  [0m] Reached target Login Prompts.
[[0;32m  OK  [0m] Started Set console scheme.
[[0;32m  OK  [0m] Started LSB: automatic crash report generation.
[[0;32m  OK  [0m] Started Authenticate and Authorize Users to Run Privileged Tasks.
[[0;32m  OK  [0m] Started Accounts Service.
[[0;32m  OK  [0m] Started LSB: daemon to balance interrupts for SMP systems.
[[0;32m  OK  [0m] Started Virtualbox guest utils.
[[0;32m  OK  [0m] Started Pollinate to seed the pseudo random number generator.
         Starting OpenBSD Secure Shell server...
[[0;32m  OK  [0m] Started OpenBSD Secure Shell server.
[[0;32m  OK  [0m] Started LXD - container startup/shutdown.
[[0;32m  OK  [0m] Created slice User Slice of vagrant.
         Starting User Manager for UID 1000...
[[0;32m  OK  [0m] Started Session 1 of user vagrant.
[[0;32m  OK  [0m] Started Snap Daemon.
         Starting Wait until snapd is fully seeded...
[[0;32m  OK  [0m] Started User Manager for UID 1000.
[[0;1;31mFAILED[0m] Failed to start Wait until snapd is fully seeded.
See 'systemctl status snapd.seeded.service' for details.
[[0;32m  OK  [0m] Reached target Multi-User System.
[[0;32m  OK  [0m] Reached target Graphical Interface.
         Starting Update UTMP about System Runlevel Changes...
         Starting Apply the settings specified in cloud-config...
[[0;32m  OK  [0m] Started Update UTMP about System Runlevel Changes.
[   28.781199] cloud-init[1294]: Generating locales (this might take a while)...

Ubuntu 16.04.6 LTS ubuntu-xenial ttyS0

ubuntu-xenial login: [   31.478573] cloud-init[1294]:   en_US.UTF-8... done
[   31.478973] cloud-init[1294]: Generation complete.
[   34.989990] cloud-init[1294]: Cloud-init v. 20.2-45-g5f7825e2-0ubuntu1~16.04.1 running 'modules:config' at Fri, 31 Jul 2020 14:31:31 +0000. Up 28.26 seconds.
ci-info: no authorized SSH keys fingerprints found for user ubuntu.
<14>Jul 31 14:31:38 ec2: 
<14>Jul 31 14:31:38 ec2: #############################################################
<14>Jul 31 14:31:38 ec2: -----BEGIN SSH HOST KEY FINGERPRINTS-----
<14>Jul 31 14:31:38 ec2: 1024 SHA256:e7vQVoECehlQQ2Ar3s8oWi+Cdh+0pyf3VRHs9p/Xr/U root@ubuntu-xenial (DSA)
<14>Jul 31 14:31:38 ec2: 256 SHA256:H1rlbV+5LqCxbwB8FdQOla38ZH36dXUSNUyTWdwWkag root@ubuntu-xenial (ECDSA)
<14>Jul 31 14:31:38 ec2: 256 SHA256:3WVaHJz42EmAWobvjrjg7ksiJ2cMv4/m/Od7Xp0LNgo root@ubuntu-xenial (ED25519)
<14>Jul 31 14:31:38 ec2: 2048 SHA256:oNMGZ/Nn0ipgVBoYaELyMDhEVI2VHe1sPNSgxmePneI root@ubuntu-xenial (RSA)
<14>Jul 31 14:31:38 ec2: -----END SSH HOST KEY FINGERPRINTS-----
<14>Jul 31 14:31:38 ec2: #############################################################
-----BEGIN SSH HOST KEY KEYS-----
ecdsa-sha2-nistp256 AAAAE2VjZHNhLXNoYTItbmlzdHAyNTYAAAAIbmlzdHAyNTYAAABBBAlvTmxKls2DdCVIpjb5Br9gr/wDUlT1kkkPr+4pefG8cUzNnASjHLFLrz8wKMr4t9hFrQiQGy2T0cPJH0/3cS4= root@ubuntu-xenial
ssh-ed25519 AAAAC3NzaC1lZDI1NTE5AAAAIK2XpdcSgAXN7jIyTH2v3s4gTFs9b1i5RNy1W+JxQ4vM root@ubuntu-xenial
ssh-rsa AAAAB3NzaC1yc2EAAAADAQABAAABAQDqsIXUXSngQX+P7KMl7F3/cMqS9MHGkfZQGSdWdP3QM/CPIlIK8DyXi5v6M8ag8SXzVFXywHX3FrDjMTPTRIOiKGzH0YLiT2OP05WBDJK86QgubA1rzmyElsm7RYnZJsL9w0EgQMsGbjSIlrXa2E7KRtflfN0MyFUDxeqQEcdH0NJYx3tADGgJwuuW1M4tY3fq9yriOLRF2oHxYt15AeBK         Stopping Session 3 of user vagrant.
[[0;32m  OK  [0m] Closed Load/Save RF Kill Switch Status /dev/rfkill Watch.
         Stopping Authenticate and Authorize Users to Run Privileged Tasks...
         Stopping ACPI event daemon...
[[0;32m  OK  [0m] Stopped target Graphical Interface.
         Stopping Accounts Service...
[[0;32m  OK  [0m] Stopped target Timers.
[[0;32m  OK  [0m] Stopped Daily Cleanup of Temporary Directories.
[[0;32m  OK  [0m] Stopped Daily apt upgrade and clean activities.
[[0;32m  OK  [0m] Stopped Message of the Day.
[[0;32m  OK  [0m] Stopped Daily apt download activities.
[[0;32m  OK  [0m] Stopped target System Time Synchronized.
[[0;32m  OK  [0m] Stopped target Cloud-init target.
[[0;32m  OK  [0m] Stopped Execute cloud user/final scripts.
[[0;32m  OK  [0m] Stopped Apply the settings specified in cloud-config.
[[0;32m  OK  [0m] Stopped target Cloud-config availability.
[[0;32m  OK  [0m] Stopped target Multi-User System.
[[0;32m  OK  [0m] Stopped target Login Prompts.
         Stopping Getty on tty1...
         Stopping D-Bus System Message Bus...
         Stopping System Logging Service...
         Stopping LSB: Record successful boot for GRUB...
         Stopping Virtualbox guest utils...
         Stopping LSB: MD monitoring daemon...
         Stopping FUSE filesystem for LXC...
         Stopping OpenBSD Secure Shell server...
         Stopping LSB: Set the CPU Frequency Scaling governor to "ondemand"...
         Stopping High-performance, schema-free document-oriented database...
         Stopping LXD - cont         Stopping Serial Getty on ttyS0...
[[0;32m  OK  [0m] Unmounted /var/lib/lxcfs.
[[0;32m  OK  [0m] Stopped System Logging Service.
[[0;32m  OK  [0m] Stopped ACPI event daemon.
[[0;32m  OK  [0m] Stopped Regular background program processing daemon.
[[0;32m  OK  [0m] Stopped Accounts Service.
[[0;32m  OK  [0m] Stopped Deferred execution scheduler.
[[0;32m  OK  [0m] Stopped Unattended Upgrades Shutdown.
[[0;32m  OK  [0m] Stopped Serial Getty on ttyS0.
[[0;32m  OK  [0m] Stopped Getty on tty1.
[[0;32m  OK  [0m] Stopped Authenticate and Authorize Users to Run Privileged Tasks.
[[0;32m  OK  [0m] Stopped OpenBSD Secure Shell server.
[[0;32m  OK  [0m] Stopped High-performance, schema-free document-oriented database.
[[0;32m  OK  [0m] Stopped User Manager for UID 1000.
[[0;32m  OK  [0m] Stopped Session 3 of user vagrant.
[[0;32m  OK  [0m] Stopped D-Bus System Message Bus.
[[0;32m  OK  [0m] Stopped FUSE filesystem for LXC.
[[0;32m  OK  [0m] Stopped LSB: MD monitoring daemon.
[[0;32m  OK  [0m] Stopped LSB: daemon to balance interrupts for SMP systems.
[[0;32m  OK  [0m] Stopped LSB: Record successful boot for GRUB.
[[0;32m  OK  [0m] Stopped LXD - container startup/shutdown.
[[0;32m  OK  [0m] Stopped Virtualbox guest utils.
[[0;32m  OK  [0m] Stopped LSB: Set the CPU Frequency Scaling governor to "ondemand".
[[0;32m  OK  [0m] Removed slice User Slice of vagrant.
[[0;32m  OK  [0m] Removed slice system-getty.slice.
         Stopping Permit User Sessions...
[[0;32m  OK  [0m] Stopped /etc/rc.local Compatibility.
[[0;32m  OK  [0m] Removed slice system-serial\x2dgetty.slice.
         Stopping Login Service...
[[0;32m  OK  [0m] Stopped Permit User Sessions.
[[0;32m  OK  [0m] Stopped LSB: automatic crash report generation.
[[0;32m  OK  [0m] Stopped target Remote File Systems.
[[0;32m  OK  [0m] Stopped target Remote File Systems (Pre).
         Stopping Login to default iSCSI targets...
[[0;32m  OK  [0m] Stopped Login Service.
[[0;32m  OK  [0m] Stopped target User and Group Name Lookups.
[[0;32m  OK  [0m] Stopped target Basic System.
[[0;32m  OK  [0m] Stopped target Slices.
[[0;32m  OK  [0m] Stopped target Paths.
[[0;32m  OK  [0m] Stopped ACPI Events Check.
[[0;32m  OK  [0m] Stopped Dispatch Password Requests to Console Directory Watch.
[[0;32m  OK  [0m] Stopped Forward Password Requests to Wall Directory Watch.
[[0;32m  OK  [0m] Stopped target Sockets.
[[0;32m  OK  [0m] Closed Syslog Socket.
[[0;32m  OK  [0m] Closed UUID daemon activation socket.
[[0;32m  OK  [0m] Closed LXD - unix socket.
[[0;32m  OK  [0m] Closed ACPID Listen Socket.
[[0;32m  OK  [0m] Closed Socket activation for snappy daemon.
[[0;32m  OK  [0m] Closed D-Bus System Message Bus Socket.
[[0;32m  OK  [0m] Stopped target System Initialization.
[[0;32m  OK  [0m] Stopped target Encrypted Volumes.
[[0;32m  OK  [0m] Stopped target Swap.
[[0;32m  OK  [0m] Stopped Commit a transient machine-id on disk.
         Stopping Load/Save Random Seed...
         Stopping Update UTMP about System Boot/Shutdown...
[[0;32m  OK  [0m] Removed slice User and Session Slice.
[[0;32m  OK  [0m] Stopped Load/Save Random Seed.
[[0;32m  OK  [0m] Stopped Update UTMP about System Boot/Shutdown.
[[0;32m  OK  [0m] Stopped Create Volatile Files and Directories.
[[0;32m  OK  [0m] Stopped Login to default iSCSI targets.
         Stopping iSCSI initiator daemon (iscsid)...
[[0;32m  OK  [0m] Stopped iSCSI initiator daemon (iscsid).
[[0;32m  OK  [0m] Stopped target Network is Online.
[[0;32m  OK  [0m] Stopped Initial cloud-init job (metadata service crawler).
[[0;32m  OK  [0m] Stopped target Network.
         Stopping Raise network interfaces...
[[0;32m  OK  [0m] Stopped Raise network interfaces.
[[0;32m  OK  [0m] Stopped target Network (Pre).
[[0;32m  OK  [0m] Stopped Initial cloud-init job (pre-networking).
[[0;32m  OK  [0m] Stopped Apply Kernel Variables.
[[0;32m  OK  [0m] Stopped Load Kernel Modules.
[[0;32m  OK  [0m] Stopped target Local File Systems.
         Unmounting /run/user/1000...
         Unmounting /vagrant...
         Unmounting /home/ubuntu/environment...
[[0;32m  OK  [0m] Unmounted /run/user/1000.
[[0;32m  OK  [0m] Unmounted /vagrant.
[[0;32m  OK  [0m] Unmounted /home/ubuntu/environment.
[[0;32m  OK  [0m] Reached target Unmount All Filesystems.
[[0;32m  OK  [0m] Stopped target Local File Systems (Pre).
[[0;32m  OK  [0m] Stopped Create Static Device Nodes in /dev.
[[0;32m  OK  [0m] Stopped Remount Root and Kernel File Systems.
[[0;32m  OK  [0m] Reached target Shutdown.
[ 2467.224915] reboot: Power down
g).
[[0;32m  OK  [0m] Stopped target Local File Systems.
         Unmounting /home/ubuntu/app...
         Unmounting /vagrant...
         Unmounting /run/user/1000...
[[0;32m  OK  [0m] Stopped Load Kernel Modules.
[[0;32m  OK  [0m] Unmounted /home/ubuntu/app.
[[0;32m  OK  [0m] Unmounted /vagrant.
[[0;32m  OK  [0m] Unmounted /run/user/1000.
[[0;32m  OK  [0m] Reached target Unmount All Filesystems.
[[0;32m  OK  [0m] Stopped target Local File Systems (Pre).
         Stopping Monitoring of LVM2 mirrors... dmeventd or progress polling...
[[0;32m  OK  [0m] Stopped Create Static Device Nodes in /dev.
[[0;32m  OK  [0m] Stopped Remount Root and Kernel File Systems.
[[0;32m  OK  [0m] Reached target Shutdown.
[ 2330.205278] reboot: Power down
